sample.interval=20000
"getAssignedVar" "assign" "addVar" "findLocals1" "lapply" "FUN" "lapply" "findLocalsList1" "findLocalsList" "funEnv" "make.functionContext" "cmpfun" "doTryCatch" "tryCatchOne" "tryCatchList" "tryCatch" "compiler:::tryCmpfun" "MCMC_all" 
"parent.env" "findCenvVar" "getInlineInfo" "isBaseVar" "isLoopTopFun" "checkSkipLoopCntxt" "checkSkipLoopCntxtList" "checkSkipLoopCntxt" "h" "tryInline" "cmpCall" "cmp" "h" "tryInline" "cmpCall" "cmp" "h" "tryInline" "cmpCall" "cmp" "h" "tryInline" "cmpCall" "cmp" "genCode" "cmpfun" "doTryCatch" "tryCatchOne" "tryCatchList" "tryCatch" "compiler:::tryCmpfun" "MCMC_all" 
"findCenvVar" "getInlineInfo" "isBaseVar" "getFoldFun" "constantFoldCall" "constantFold" "constantFoldCall" "constantFold" "constantFoldCall" "constantFold" "constantFoldCall" "constantFold" "constantFoldCall" "constantFold" "cmp" "cmpPrim2" "h" "tryInline" "cmpCall" "cmp" "cmpSymbolAssign" "h" "tryInline" "cmpCall" "cmp" "h" "tryInline" "cmpCall" "cmp" "cmpForBody" "h" "tryInline" "cmpCall" "cmp" "h" "tryInline" "cmpCall" "cmp" "h" "tryInline" "cmpCall" "cmp" "h" "tryInline" "cmpCall" "cmp" "genCode" "cmpfun" "doTryCatch" "tryCatchOne" "tryCatchList" "tryCatch" "compiler:::tryCmpfun" "MCMC_all" 
"exists" "findCenvVar" "getInlineInfo" "isBaseVar" "getFoldFun" "constantFoldCall" "constantFold" "constantFoldCall" "constantFold" "h" "tryInline" "cmpCall" "cmp" "h" "tryInline" "cmpCall" "cmp" "cmpForBody" "h" "tryInline" "cmpCall" "cmp" "h" "tryInline" "cmpCall" "cmp" "h" "tryInline" "cmpCall" "cmp" "h" "tryInline" "cmpCall" "cmp" "genCode" "cmpfun" "doTryCatch" "tryCatchOne" "tryCatchList" "tryCatch" "compiler:::tryCmpfun" "MCMC_all" 
"constantFoldCall" "constantFold" "constantFoldCall" "constantFold" "cmp" "h" "tryInline" "cmpCall" "cmp" "h" "tryInline" "cmpCall" "cmp" "cmpForBody" "h" "tryInline" "cmpCall" "cmp" "h" "tryInline" "cmpCall" "cmp" "h" "tryInline" "cmpCall" "cmp" "h" "tryInline" "cmpCall" "cmp" "genCode" "cmpfun" "doTryCatch" "tryCatchOne" "tryCatchList" "tryCatch" "compiler:::tryCmpfun" "MCMC_all" 
"isLoopStopFun" "checkSkipLoopCntxt" "checkSkipLoopCntxtList" "checkSkipLoopCntxt" "checkSkipLoopCntxtList" "checkSkipLoopCntxt" "checkSkipLoopCntxtList" "checkSkipLoopCntxt" "checkSkipLoopCntxtList" "checkSkipLoopCntxt" "checkSkipLoopCntxtList" "checkSkipLoopCntxt" "checkSkipLoopCntxtList" "checkSkipLoopCntxt" "checkSkipLoopCntxtList" "checkSkipLoopCntxt" "h" "tryInline" "cmpCall" "cmp" "h" "tryInline" "cmpCall" "cmp" "genCode" "cmpfun" "doTryCatch" "tryCatchOne" "tryCatchList" "tryCatch" "compiler:::tryCmpfun" "MCMC_all" 
"anyDots" "checkCall" "cmpCall" "cmp" "h" "tryInline" "cmpCall" "cmp" "cmpPrim2" "h" "tryInline" "cmpCall" "cmp" "cmpPrim2" "h" "tryInline" "cmpCall" "cmp" "cmpPrim2" "h" "tryInline" "cmpCall" "cmp" "cmpPrim2" "h" "tryInline" "cmpCall" "cmp" "cmpPrim2" "h" "tryInline" "cmpCall" "cmp" "cmpPrim2" "h" "tryInline" "cmpCall" "cmp" "cmpPrim2" "h" "tryInline" "cmpCall" "cmp" "cmpPrim2" "h" "tryInline" "cmpCall" "cmp" "cmpPrim2" "h" "tryInline" "cmpCall" "cmp" "cmpSymbolAssign" "h" "tryInline" "cmpCall" "cmp" "h" "tryInline" "cmpCall" "cmp" "cmpForBody" "h" "tryInline" "cmpCall" "cmp" "h" "tryInline" "cmpCall" "cmp" "genCode" "cmpfun" "doTryCatch" "tryCatchOne" "tryCatchList" "tryCatch" "compiler:::tryCmpfun" "MCMC_all" 
"findCenvVar" "getInlineInfo" "tryInline" "cmpCall" "cmp" "cmpPrim2" "h" "tryInline" "cmpCall" "cmp" "cmpPrim2" "h" "tryInline" "cmpCall" "cmp" "cmpPrim2" "h" "tryInline" "cmpCall" "cmp" "cmpPrim2" "h" "tryInline" "cmpCall" "cmp" "cmpPrim2" "h" "tryInline" "cmpCall" "cmp" "cmpPrim2" "h" "tryInline" "cmpCall" "cmp" "cmpPrim2" "h" "tryInline" "cmpCall" "cmp" "h" "tryInline" "cmpCall" "cmp" "cmpPrim2" "h" "tryInline" "cmpCall" "cmp" "cmpSymbolAssign" "h" "tryInline" "cmpCall" "cmp" "h" "tryInline" "cmpCall" "cmp" "cmpForBody" "h" "tryInline" "cmpCall" "cmp" "h" "tryInline" "cmpCall" "cmp" "genCode" "cmpfun" "doTryCatch" "tryCatchOne" "tryCatchList" "tryCatch" "compiler:::tryCmpfun" "MCMC_all" 
"cb$putcode" "cmpSym" "cmp" "cmpIndices" "cmpSubassignDispatch" "h" "trySetterInline" "cmpSetterCall" "cmpComplexAssign" "h" "tryInline" "cmpCall" "cmp" "h" "tryInline" "cmpCall" "cmp" "h" "tryInline" "cmpCall" "cmp" "h" "tryInline" "cmpCall" "cmp" "cmpForBody" "h" "tryInline" "cmpCall" "cmp" "h" "tryInline" "cmpCall" "cmp" "genCode" "cmpfun" "doTryCatch" "tryCatchOne" "tryCatchList" "tryCatch" "compiler:::tryCmpfun" "MCMC_all" 
"as.matrix" "unname" "vecchia_lik_betas" "MCMC_all" 
"tail.default" "tail" "my_nghb" "vecchia_lik_betas" "MCMC_all" 
"vecchia_lik_betas" "MCMC_all" 
"tail" "my_nghb" "vecchia_lik_betas" "MCMC_all" 
"vecchia_lik_betas" "MCMC_all" 
"my_nghb" "vecchia_lik_betas" "MCMC_all" 
"vecchia_lik_betas" "MCMC_all" 
"my_nghb" "vecchia_lik_betas" "MCMC_all" 
"my_nghb" "vecchia_lik_betas" "MCMC_all" 
"my_nghb" "vecchia_lik_betas" "MCMC_all" 
"my_nghb" "vecchia_lik_betas" "MCMC_all" 
"my_nghb" "vecchia_lik_betas" "MCMC_all" 
"sys.call" "match.call" "dist" "as.matrix" "unname" "vecchia_lik_betas" "MCMC_all" 
"sys.call" "match.call" "dist" "as.matrix" "unname" "vecchia_lik_betas" "MCMC_all" 
"tail.default" "tail" "my_nghb" "vecchia_lik_betas" "MCMC_all" 
"vecchia_lik_betas" "MCMC_all" 
"tail" "my_nghb" "vecchia_lik_betas" "MCMC_all" 
"checkHT" "tail.default" "tail" "my_nghb" "vecchia_lik_betas" "MCMC_all" 
"c" "my_nghb" "vecchia_lik_betas" "MCMC_all" 
"vecchia_lik_betas" "MCMC_all" 
"vecchia_lik_betas" "MCMC_all" 
"row" "as.matrix.dist" "as.matrix" "unname" "vecchia_lik_betas" "MCMC_all" 
"vecchia_lik_betas" "MCMC_all" 
"my_nghb" "vecchia_lik_betas" "MCMC_all" 
"vecchia_lik_betas" "MCMC_all" 
"tail" "my_nghb" "vecchia_lik_betas" "MCMC_all" 
"vecchia_lik_betas" "MCMC_all" 
"my_nghb" "vecchia_lik_betas" "MCMC_all" 
"length" "checkHT" "tail.default" "tail" "my_nghb" "vecchia_lik_betas" "MCMC_all" 
"sample.int" "sample" "MCMC_all" 
"vecchia_lik_betas" "MCMC_all" 
"vecchia_lik_betas" "MCMC_all" 
"vecchia_lik_betas" "MCMC_all" 
"vecchia_lik_betas" "MCMC_all" 
"my_nghb" "vecchia_lik_betas" "MCMC_all" 
"my_nghb" "vecchia_lik_betas" "MCMC_all" 
"my_nghb" "vecchia_lik_betas" "MCMC_all" 
"vecchia_lik_betas" "MCMC_all" 
"vecchia_lik_betas" "MCMC_all" 
"vecchia_lik_betas" "MCMC_all" 
"vecchia_lik_betas" "MCMC_all" 
"vecchia_lik_betas" "MCMC_all" 
"vecchia_lik_betas" "MCMC_all" 
"vecchia_lik_betas" "MCMC_all" 
"vecchia_lik_betas" "MCMC_all" 
"vecchia_lik_betas" "MCMC_all" 
"vecchia_lik_betas" "MCMC_all" 
"vecchia_lik_betas" "MCMC_all" 
"vecchia_lik_betas" "MCMC_all" 
"vecchia_lik_betas" "MCMC_all" 
"vecchia_lik_betas" "MCMC_all" 
"vecchia_lik_betas" "MCMC_all" 
"vecchia_lik_betas" "MCMC_all" 
"vecchia_lik_betas" "MCMC_all" 
"vecchia_lik_betas" "MCMC_all" 
"vecchia_lik_betas" "MCMC_all" 
"vecchia_lik_betas" "MCMC_all" 
"vecchia_lik_betas" "MCMC_all" 
"my_nghb" "vecchia_lik_betas" "MCMC_all" 
"vecchia_lik_betas" "MCMC_all" 
"my_nghb" "vecchia_lik_betas" "MCMC_all" 
"my_nghb" "vecchia_lik_betas" "MCMC_all" 
"vecchia_lik_betas" "MCMC_all" 
"my_nghb" "vecchia_lik_betas" "MCMC_all" 
"vecchia_lik_betas" "MCMC_all" 
"as.matrix.dist" "as.matrix" "unname" "vecchia_lik_betas" "MCMC_all" 
"my_nghb" "vecchia_lik_betas" "MCMC_all" 
"vecchia_lik_betas" "MCMC_all" 
"tail" "my_nghb" "vecchia_lik_betas" "MCMC_all" 
"my_nghb" "vecchia_lik_betas" "MCMC_all" 
"my_nghb" "vecchia_lik_betas" "MCMC_all" 
"sum" "vecchia_lik_betas" "MCMC_all" 
"my_nghb" "vecchia_lik_betas" "MCMC_all" 
"as.matrix.dist" "as.matrix" "unname" "vecchia_lik_betas" "MCMC_all" 
"vecchia_lik_betas" "MCMC_all" 
"t.default" "t" "as.matrix.dist" "as.matrix" "unname" "vecchia_lik_betas" "MCMC_all" 
"my_nghb" "vecchia_lik_betas" "MCMC_all" 
"vecchia_lik_betas" "MCMC_all" 
"is.na" "checkHT" "tail.default" "tail" "my_nghb" "vecchia_lik_betas" "MCMC_all" 
"my_nghb" "vecchia_lik_betas" "MCMC_all" 
"length" "checkHT" "tail.default" "tail" "my_nghb" "vecchia_lik_betas" "MCMC_all" 
"my_nghb" "vecchia_lik_betas" "MCMC_all" 
"vecchia_lik_betas" "MCMC_all" 
"my_nghb" "vecchia_lik_betas" "MCMC_all" 
"all" "checkHT" "tail.default" "tail" "my_nghb" "vecchia_lik_betas" "MCMC_all" 
"all" "checkHT" "tail.default" "tail" "my_nghb" "vecchia_lik_betas" "MCMC_all" 
"value[[3]]" "tryCatchOne" "tryCatchList" "tryCatch" "base::try" "withCallingHandlers" "base::suppressWarnings" "vecchia_lik_betas" "MCMC_all" 
"my_nghb" "vecchia_lik_betas" "MCMC_all" 
"my_nghb" "vecchia_lik_betas" "MCMC_all" 
"my_nghb" "vecchia_lik_betas" "MCMC_all" 
"min" "tail.default" "tail" "my_nghb" "vecchia_lik_betas" "MCMC_all" 
"MCMC_all" 
"my_nghb" "vecchia_lik_betas" "MCMC_all" 
"my_nghb" "vecchia_lik_betas" "MCMC_all" 
"order" "vecchia_lik_betas" "MCMC_all" 
"length" "checkHT" "tail.default" "tail" "my_nghb" "vecchia_lik_betas" "MCMC_all" 
"length" "tail.default" "tail" "my_nghb" "vecchia_lik_betas" "MCMC_all" 
"my_nghb" "vecchia_lik_betas" "MCMC_all" 
"as.matrix" "unname" "vecchia_lik_betas" "MCMC_all" 
"vecchia_lik_betas" "MCMC_all" 
"vecchia_lik_betas" "MCMC_all" 
"my_nghb" "vecchia_lik_betas" "MCMC_all" 
"vecchia_lik_betas" "MCMC_all" 
"my_nghb" "vecchia_lik_betas" "MCMC_all" 
"my_nghb" "vecchia_lik_betas" "MCMC_all" 
"vecchia_lik_betas" "MCMC_all" 
"my_nghb" "vecchia_lik_betas" "MCMC_all" 
"my_nghb" "vecchia_lik_betas" "MCMC_all" 
"my_nghb" "vecchia_lik_betas" "MCMC_all" 
"my_nghb" "vecchia_lik_betas" "MCMC_all" 
"vecchia_lik_betas" "MCMC_all" 
"my_nghb" "vecchia_lik_betas" "MCMC_all" 
"my_nghb" "vecchia_lik_betas" "MCMC_all" 
"is.na" "checkHT" "tail.default" "tail" "my_nghb" "vecchia_lik_betas" "MCMC_all" 
"tail.default" "tail" "my_nghb" "vecchia_lik_betas" "MCMC_all" 
"tail.default" "tail" "my_nghb" "vecchia_lik_betas" "MCMC_all" 
"my_nghb" "vecchia_lik_betas" "MCMC_all" 
"my_nghb" "vecchia_lik_betas" "MCMC_all" 
"my_nghb" "vecchia_lik_betas" "MCMC_all" 
"vecchia_lik_betas" "MCMC_all" 
"vecchia_lik_betas" "MCMC_all" 
"vecchia_lik_betas" "MCMC_all" 
"my_nghb" "vecchia_lik_betas" "MCMC_all" 
"row" "as.matrix.dist" "as.matrix" "unname" "vecchia_lik_betas" "MCMC_all" 
"vecchia_lik_betas" "MCMC_all" 
"my_nghb" "vecchia_lik_betas" "MCMC_all" 
"my_nghb" "vecchia_lik_betas" "MCMC_all" 
"my_nghb" "vecchia_lik_betas" "MCMC_all" 
"tail" "my_nghb" "vecchia_lik_betas" "MCMC_all" 
"t" "as.matrix.dist" "as.matrix" "unname" "vecchia_lik_betas" "MCMC_all" 
"my_nghb" "vecchia_lik_betas" "MCMC_all" 
"seq.int" "tail.default" "tail" "my_nghb" "vecchia_lik_betas" "MCMC_all" 
"match.arg" "order" "vecchia_lik_betas" "MCMC_all" 
"checkHT" "tail.default" "tail" "my_nghb" "vecchia_lik_betas" "MCMC_all" 
"my_nghb" "vecchia_lik_betas" "MCMC_all" 
"tail" "my_nghb" "vecchia_lik_betas" "MCMC_all" 
"my_nghb" "vecchia_lik_betas" "MCMC_all" 
"vecchia_lik_betas" "MCMC_all" 
"my_nghb" "vecchia_lik_betas" "MCMC_all" 
"my_nghb" "vecchia_lik_betas" "MCMC_all" 
"vecchia_lik_betas" "MCMC_all" 
"vecchia_lik_betas" "MCMC_all" 
"vecchia_lik_betas" "MCMC_all" 
"my_nghb" "vecchia_lik_betas" "MCMC_all" 
"vapply" "order" "vecchia_lik_betas" "MCMC_all" 
"vecchia_lik_betas" "MCMC_all" 
"my_nghb" "vecchia_lik_betas" "MCMC_all" 
"vecchia_lik_betas" "MCMC_all" 
"vecchia_lik_betas" "MCMC_all" 
"is.na" "checkHT" "tail.default" "tail" "my_nghb" "vecchia_lik_betas" "MCMC_all" 
"my_nghb" "vecchia_lik_betas" "MCMC_all" 
"my_nghb" "vecchia_lik_betas" "MCMC_all" 
"my_nghb" "vecchia_lik_betas" "MCMC_all" 
"sum" "vecchia_lik_betas" "MCMC_all" 
"c" "my_nghb" "vecchia_lik_betas" "MCMC_all" 
"my_nghb" "vecchia_lik_betas" "MCMC_all" 
"my_nghb" "vecchia_lik_betas" "MCMC_all" 
"my_nghb" "vecchia_lik_betas" "MCMC_all" 
"vecchia_lik_betas" "MCMC_all" 
"vecchia_lik_betas" "MCMC_all" 
"my_nghb" "vecchia_lik_betas" "MCMC_all" 
"my_nghb" "vecchia_lik_betas" "MCMC_all" 
"my_nghb" "vecchia_lik_betas" "MCMC_all" 
"checkHT" "tail.default" "tail" "my_nghb" "vecchia_lik_betas" "MCMC_all" 
"sum" "vecchia_lik_betas" "MCMC_all" 
"my_nghb" "vecchia_lik_betas" "MCMC_all" 
"my_nghb" "vecchia_lik_betas" "MCMC_all" 
"my_nghb" "vecchia_lik_betas" "MCMC_all" 
"vecchia_lik_betas" "MCMC_all" 
"my_nghb" "vecchia_lik_betas" "MCMC_all" 
"my_nghb" "vecchia_lik_betas" "MCMC_all" 
"vecchia_lik_betas" "MCMC_all" 
"my_nghb" "vecchia_lik_betas" "MCMC_all" 
"my_nghb" "vecchia_lik_betas" "MCMC_all" 
"vecchia_lik_betas" "MCMC_all" 
"tail.default" "tail" "my_nghb" "vecchia_lik_betas" "MCMC_all" 
"my_nghb" "vecchia_lik_betas" "MCMC_all" 
"sum" "vecchia_lik_betas" "MCMC_all" 
"vecchia_lik_betas" "MCMC_all" 
"any" "my_nghb" "vecchia_lik_betas" "MCMC_all" 
"my_nghb" "vecchia_lik_betas" "MCMC_all" 
"my_nghb" "vecchia_lik_betas" "MCMC_all" 
"vecchia_lik_betas" "MCMC_all" 
"my_nghb" "vecchia_lik_betas" "MCMC_all" 
"my_nghb" "vecchia_lik_betas" "MCMC_all" 
"tail" "my_nghb" "vecchia_lik_betas" "MCMC_all" 
"min" "tail.default" "tail" "my_nghb" "vecchia_lik_betas" "MCMC_all" 
"dist" "as.matrix" "unname" "vecchia_lik_betas" "MCMC_all" 
"my_nghb" "vecchia_lik_betas" "MCMC_all" 
"my_nghb" "vecchia_lik_betas" "MCMC_all" 
"my_nghb" "vecchia_lik_betas" "MCMC_all" 
"my_nghb" "vecchia_lik_betas" "MCMC_all" 
"order" "vecchia_lik_betas" "MCMC_all" 
"pmatch" "dist" "as.matrix" "unname" "vecchia_lik_betas" "MCMC_all" 
"sum" "vecchia_lik_betas" "MCMC_all" 
"as.matrix.dist" "as.matrix" "unname" "vecchia_lik_betas" "MCMC_all" 
"my_nghb" "vecchia_lik_betas" "MCMC_all" 
"tail" "my_nghb" "vecchia_lik_betas" "MCMC_all" 
"checkHT" "tail.default" "tail" "my_nghb" "vecchia_lik_betas" "MCMC_all" 
"vecchia_lik_betas" "MCMC_all" 
"seq.int" "tail.default" "tail" "my_nghb" "vecchia_lik_betas" "MCMC_all" 
"my_nghb" "vecchia_lik_betas" "MCMC_all" 
"my_nghb" "vecchia_lik_betas" "MCMC_all" 
"my_nghb" "vecchia_lik_betas" "MCMC_all" 
"vecchia_lik_betas" "MCMC_all" 
"vecchia_lik_betas" "MCMC_all" 
"vecchia_lik_betas" "MCMC_all" 
"vecchia_lik_betas" "MCMC_all" 
"is.numeric" "checkHT" "tail.default" "tail" "my_nghb" "vecchia_lik_betas" "MCMC_all" 
"my_nghb" "vecchia_lik_betas" "MCMC_all" 
"my_nghb" "vecchia_lik_betas" "MCMC_all" 
"my_nghb" "vecchia_lik_betas" "MCMC_all" 
"vecchia_lik_betas" "MCMC_all" 
"vecchia_lik_betas" "MCMC_all" 
"my_nghb" "vecchia_lik_betas" "MCMC_all" 
"my_nghb" "vecchia_lik_betas" "MCMC_all" 
"my_nghb" "vecchia_lik_betas" "MCMC_all" 
"my_nghb" "vecchia_lik_betas" "MCMC_all" 
"my_nghb" "vecchia_lik_betas" "MCMC_all" 
"vecchia_lik_betas" "MCMC_all" 
"tail.default" "tail" "my_nghb" "vecchia_lik_betas" "MCMC_all" 
"vecchia_lik_betas" "MCMC_all" 
"my_nghb" "vecchia_lik_betas" "MCMC_all" 
"sample.int" "sample" "MCMC_all" 
"seq.int" "tail.default" "tail" "my_nghb" "vecchia_lik_betas" "MCMC_all" 
"vecchia_lik_betas" "MCMC_all" 
"vecchia_lik_betas" "MCMC_all" 
"dim" "my_nghb" "vecchia_lik_betas" "MCMC_all" 
"my_nghb" "vecchia_lik_betas" "MCMC_all" 
"my_nghb" "vecchia_lik_betas" "MCMC_all" 
"vecchia_lik_betas" "MCMC_all" 
"vecchia_lik_betas" "MCMC_all" 
"my_nghb" "vecchia_lik_betas" "MCMC_all" 
"vecchia_lik_betas" "MCMC_all" 
"vecchia_lik_betas" "MCMC_all" 
"vecchia_lik_betas" "MCMC_all" 
"tail" "my_nghb" "vecchia_lik_betas" "MCMC_all" 
"my_nghb" "vecchia_lik_betas" "MCMC_all" 
"vecchia_lik_betas" "MCMC_all" 
"vecchia_lik_betas" "MCMC_all" 
"my_nghb" "vecchia_lik_betas" "MCMC_all" 
"my_nghb" "vecchia_lik_betas" "MCMC_all" 
"any" "my_nghb" "vecchia_lik_betas" "MCMC_all" 
"vecchia_lik_betas" "MCMC_all" 
"seq.int" "tail.default" "tail" "my_nghb" "vecchia_lik_betas" "MCMC_all" 
"dinvgamma" "MCMC_all" 
"tail.default" "tail" "my_nghb" "vecchia_lik_betas" "MCMC_all" 
"sum" "vecchia_lik_betas" "MCMC_all" 
"vecchia_lik_betas" "MCMC_all" 
"my_nghb" "vecchia_lik_betas" "MCMC_all" 
"my_nghb" "vecchia_lik_betas" "MCMC_all" 
"tail.default" "tail" "my_nghb" "vecchia_lik_betas" "MCMC_all" 
"row" "as.matrix.dist" "as.matrix" "unname" "vecchia_lik_betas" "MCMC_all" 
"any" "my_nghb" "vecchia_lik_betas" "MCMC_all" 
"vecchia_lik_betas" "MCMC_all" 
"as.matrix.dist" "as.matrix" "unname" "vecchia_lik_betas" "MCMC_all" 
"tail.default" "tail" "my_nghb" "vecchia_lik_betas" "MCMC_all" 
"vecchia_lik_betas" "MCMC_all" 
"tail" "my_nghb" "vecchia_lik_betas" "MCMC_all" 
"as.matrix.dist" "as.matrix" "unname" "vecchia_lik_betas" "MCMC_all" 
"vecchia_lik_betas" "MCMC_all" 
"as.matrix.dist" "as.matrix" "unname" "vecchia_lik_betas" "MCMC_all" 
"my_nghb" "vecchia_lik_betas" "MCMC_all" 
"vecchia_lik_betas" "MCMC_all" 
"checkHT" "tail.default" "tail" "my_nghb" "vecchia_lik_betas" "MCMC_all" 
"my_nghb" "vecchia_lik_betas" "MCMC_all" 
"tail" "my_nghb" "vecchia_lik_betas" "MCMC_all" 
"tail" "my_nghb" "vecchia_lik_betas" "MCMC_all" 
"vecchia_lik_betas" "MCMC_all" 
"tail.default" "tail" "my_nghb" "vecchia_lik_betas" "MCMC_all" 
"formals" "match.arg" "order" "vecchia_lik_betas" "MCMC_all" 
"my_nghb" "vecchia_lik_betas" "MCMC_all" 
"tail" "my_nghb" "vecchia_lik_betas" "MCMC_all" 
"vecchia_lik_betas" "MCMC_all" 
"vecchia_lik_betas" "MCMC_all" 
"my_nghb" "vecchia_lik_betas" "MCMC_all" 
"my_nghb" "vecchia_lik_betas" "MCMC_all" 
"tail.default" "tail" "my_nghb" "vecchia_lik_betas" "MCMC_all" 
"vecchia_lik_betas" "MCMC_all" 
"my_nghb" "vecchia_lik_betas" "MCMC_all" 
"vecchia_lik_betas" "MCMC_all" 
"seq.int" "tail.default" "tail" "my_nghb" "vecchia_lik_betas" "MCMC_all" 
"tail.default" "tail" "my_nghb" "vecchia_lik_betas" "MCMC_all" 
"my_nghb" "vecchia_lik_betas" "MCMC_all" 
"my_nghb" "vecchia_lik_betas" "MCMC_all" 
"vecchia_lik_betas" "MCMC_all" 
"my_nghb" "vecchia_lik_betas" "MCMC_all" 
"my_nghb" "vecchia_lik_betas" "MCMC_all" 
"my_nghb" "vecchia_lik_betas" "MCMC_all" 
"my_nghb" "vecchia_lik_betas" "MCMC_all" 
"my_nghb" "vecchia_lik_betas" "MCMC_all" 
"my_nghb" "vecchia_lik_betas" "MCMC_all" 
"my_nghb" "vecchia_lik_betas" "MCMC_all" 
"vecchia_lik_betas" "MCMC_all" 
"checkHT" "tail.default" "tail" "my_nghb" "vecchia_lik_betas" "MCMC_all" 
"checkHT" "tail.default" "tail" "my_nghb" "vecchia_lik_betas" "MCMC_all" 
"checkHT" "tail.default" "tail" "my_nghb" "vecchia_lik_betas" "MCMC_all" 
"vecchia_lik_betas" "MCMC_all" 
"vecchia_lik_betas" "MCMC_all" 
"my_nghb" "vecchia_lik_betas" "MCMC_all" 
"vecchia_lik_betas" "MCMC_all" 
"my_nghb" "vecchia_lik_betas" "MCMC_all" 
"my_nghb" "vecchia_lik_betas" "MCMC_all" 
"vecchia_lik_betas" "MCMC_all" 
"vecchia_lik_betas" "MCMC_all" 
"my_nghb" "vecchia_lik_betas" "MCMC_all" 
"dist" "as.matrix" "unname" "vecchia_lik_betas" "MCMC_all" 
"my_nghb" "vecchia_lik_betas" "MCMC_all" 
"vecchia_lik_betas" "MCMC_all" 
"checkHT" "tail.default" "tail" "my_nghb" "vecchia_lik_betas" "MCMC_all" 
"order" "vecchia_lik_betas" "MCMC_all" 
"my_nghb" "vecchia_lik_betas" "MCMC_all" 
"eval" "match.arg" "order" "vecchia_lik_betas" "MCMC_all" 
"vecchia_lik_betas" "MCMC_all" 
"my_nghb" "vecchia_lik_betas" "MCMC_all" 
"my_nghb" "vecchia_lik_betas" "MCMC_all" 
"vecchia_lik_betas" "MCMC_all" 
"my_nghb" "vecchia_lik_betas" "MCMC_all" 
"my_nghb" "vecchia_lik_betas" "MCMC_all" 
"vecchia_lik_betas" "MCMC_all" 
"my_nghb" "vecchia_lik_betas" "MCMC_all" 
"vecchia_lik_betas" "MCMC_all" 
"vecchia_lik_betas" "MCMC_all" 
"my_nghb" "vecchia_lik_betas" "MCMC_all" 
"my_nghb" "vecchia_lik_betas" "MCMC_all" 
"tail" "my_nghb" "vecchia_lik_betas" "MCMC_all" 
"vecchia_lik_betas" "MCMC_all" 
"vecchia_lik_betas" "MCMC_all" 
"vecchia_lik_betas" "MCMC_all" 
"vecchia_lik_betas" "MCMC_all" 
"my_nghb" "vecchia_lik_betas" "MCMC_all" 
"dnorm" "MCMC_all" 
"my_nghb" "vecchia_lik_betas" "MCMC_all" 
"as.matrix.dist" "as.matrix" "unname" "vecchia_lik_betas" "MCMC_all" 
"my_nghb" "vecchia_lik_betas" "MCMC_all" 
"my_nghb" "vecchia_lik_betas" "MCMC_all" 
"tail" "my_nghb" "vecchia_lik_betas" "MCMC_all" 
"length" "tail.default" "tail" "my_nghb" "vecchia_lik_betas" "MCMC_all" 
"my_nghb" "vecchia_lik_betas" "MCMC_all" 
"as.matrix.dist" "as.matrix" "unname" "vecchia_lik_betas" "MCMC_all" 
"my_nghb" "vecchia_lik_betas" "MCMC_all" 
"sum" "vecchia_lik_betas" "MCMC_all" 
"vecchia_lik_betas" "MCMC_all" 
"my_nghb" "vecchia_lik_betas" "MCMC_all" 
"my_nghb" "vecchia_lik_betas" "MCMC_all" 
"my_nghb" "vecchia_lik_betas" "MCMC_all" 
"tail.default" "tail" "my_nghb" "vecchia_lik_betas" "MCMC_all" 
"tail" "my_nghb" "vecchia_lik_betas" "MCMC_all" 
"vecchia_lik_betas" "MCMC_all" 
"as.matrix.dist" "as.matrix" "unname" "vecchia_lik_betas" "MCMC_all" 
"vecchia_lik_betas" "MCMC_all" 
"my_nghb" "vecchia_lik_betas" "MCMC_all" 
"my_nghb" "vecchia_lik_betas" "MCMC_all" 
"order" "vecchia_lik_betas" "MCMC_all" 
"order" "vecchia_lik_betas" "MCMC_all" 
"my_nghb" "vecchia_lik_betas" "MCMC_all" 
"my_nghb" "vecchia_lik_betas" "MCMC_all" 
"vecchia_lik_betas" "MCMC_all" 
"sum" "vecchia_lik_betas" "MCMC_all" 
"as.matrix.dist" "as.matrix" "unname" "vecchia_lik_betas" "MCMC_all" 
"min" "tail.default" "tail" "my_nghb" "vecchia_lik_betas" "MCMC_all" 
"seq.int" "tail.default" "tail" "my_nghb" "vecchia_lik_betas" "MCMC_all" 
"tail.default" "tail" "my_nghb" "vecchia_lik_betas" "MCMC_all" 
"my_nghb" "vecchia_lik_betas" "MCMC_all" 
"my_nghb" "vecchia_lik_betas" "MCMC_all" 
"seq.int" "tail.default" "tail" "my_nghb" "vecchia_lik_betas" "MCMC_all" 
"vecchia_lik_betas" "MCMC_all" 
"my_nghb" "vecchia_lik_betas" "MCMC_all" 
"my_nghb" "vecchia_lik_betas" "MCMC_all" 
"my_nghb" "vecchia_lik_betas" "MCMC_all" 
"my_nghb" "vecchia_lik_betas" "MCMC_all" 
"checkHT" "tail.default" "tail" "my_nghb" "vecchia_lik_betas" "MCMC_all" 
"my_nghb" "vecchia_lik_betas" "MCMC_all" 
"vecchia_lik_betas" "MCMC_all" 
"my_nghb" "vecchia_lik_betas" "MCMC_all" 
"sample.int" "sample" "MCMC_all" 
"my_nghb" "vecchia_lik_betas" "MCMC_all" 
"vecchia_lik_betas" "MCMC_all" 
"as.matrix.dist" "as.matrix" "unname" "vecchia_lik_betas" "MCMC_all" 
"vecchia_lik_betas" "MCMC_all" 
"vecchia_lik_betas" "MCMC_all" 
"my_nghb" "vecchia_lik_betas" "MCMC_all" 
"my_nghb" "vecchia_lik_betas" "MCMC_all" 
"my_nghb" "vecchia_lik_betas" "MCMC_all" 
"my_nghb" "vecchia_lik_betas" "MCMC_all" 
"vecchia_lik_betas" "MCMC_all" 
"my_nghb" "vecchia_lik_betas" "MCMC_all" 
"as.matrix" "unname" "vecchia_lik_betas" "MCMC_all" 
"vecchia_lik_betas" "MCMC_all" 
"seq.int" "tail.default" "tail" "my_nghb" "vecchia_lik_betas" "MCMC_all" 
"vecchia_lik_betas" "MCMC_all" 
"my_nghb" "vecchia_lik_betas" "MCMC_all" 
"tail.default" "tail" "my_nghb" "vecchia_lik_betas" "MCMC_all" 
"vecchia_lik_betas" "MCMC_all" 
"vecchia_lik_betas" "MCMC_all" 
"tail.default" "tail" "my_nghb" "vecchia_lik_betas" "MCMC_all" 
"my_nghb" "vecchia_lik_betas" "MCMC_all" 
"vecchia_lik_betas" "MCMC_all" 
"vecchia_lik_betas" "MCMC_all" 
"my_nghb" "vecchia_lik_betas" "MCMC_all" 
"vecchia_lik_betas" "MCMC_all" 
"checkHT" "tail.default" "tail" "my_nghb" "vecchia_lik_betas" "MCMC_all" 
"my_nghb" "vecchia_lik_betas" "MCMC_all" 
"my_nghb" "vecchia_lik_betas" "MCMC_all" 
"my_nghb" "vecchia_lik_betas" "MCMC_all" 
"vapply" "order" "vecchia_lik_betas" "MCMC_all" 
"tail.default" "tail" "my_nghb" "vecchia_lik_betas" "MCMC_all" 
"as.matrix.dist" "as.matrix" "unname" "vecchia_lik_betas" "MCMC_all" 
"dim" "checkHT" "tail.default" "tail" "my_nghb" "vecchia_lik_betas" "MCMC_all" 
"my_nghb" "vecchia_lik_betas" "MCMC_all" 
"checkHT" "tail.default" "tail" "my_nghb" "vecchia_lik_betas" "MCMC_all" 
"checkHT" "tail.default" "tail" "my_nghb" "vecchia_lik_betas" "MCMC_all" 
"vecchia_lik_betas" "MCMC_all" 
"my_nghb" "vecchia_lik_betas" "MCMC_all" 
"my_nghb" "vecchia_lik_betas" "MCMC_all" 
"tail" "my_nghb" "vecchia_lik_betas" "MCMC_all" 
"my_nghb" "vecchia_lik_betas" "MCMC_all" 
"my_nghb" "vecchia_lik_betas" "MCMC_all" 
"vecchia_lik_betas" "MCMC_all" 
"dist" "as.matrix" "unname" "vecchia_lik_betas" "MCMC_all" 
"checkHT" "tail.default" "tail" "my_nghb" "vecchia_lik_betas" "MCMC_all" 
"tail" "my_nghb" "vecchia_lik_betas" "MCMC_all" 
"col" "as.matrix.dist" "as.matrix" "unname" "vecchia_lik_betas" "MCMC_all" 
"vecchia_lik_betas" "MCMC_all" 
"checkHT" "tail.default" "tail" "my_nghb" "vecchia_lik_betas" "MCMC_all" 
"tail" "my_nghb" "vecchia_lik_betas" "MCMC_all" 
"eval" "match.arg" "order" "vecchia_lik_betas" "MCMC_all" 
"my_nghb" "vecchia_lik_betas" "MCMC_all" 
"my_nghb" "vecchia_lik_betas" "MCMC_all" 
"vecchia_lik_betas" "MCMC_all" 
"vecchia_lik_betas" "MCMC_all" 
"min" "tail.default" "tail" "my_nghb" "vecchia_lik_betas" "MCMC_all" 
"my_nghb" "vecchia_lik_betas" "MCMC_all" 
"tail.default" "tail" "my_nghb" "vecchia_lik_betas" "MCMC_all" 
"dist" "as.matrix" "unname" "vecchia_lik_betas" "MCMC_all" 
"vecchia_lik_betas" "MCMC_all" 
"vecchia_lik_betas" "MCMC_all" 
"vecchia_lik_betas" "MCMC_all" 
"my_nghb" "vecchia_lik_betas" "MCMC_all" 
"my_nghb" "vecchia_lik_betas" "MCMC_all" 
"my_nghb" "vecchia_lik_betas" "MCMC_all" 
"tail" "my_nghb" "vecchia_lik_betas" "MCMC_all" 
"dist" "as.matrix" "unname" "vecchia_lik_betas" "MCMC_all" 
"my_nghb" "vecchia_lik_betas" "MCMC_all" 
"col" "as.matrix.dist" "as.matrix" "unname" "vecchia_lik_betas" "MCMC_all" 
"seq.int" "tail.default" "tail" "my_nghb" "vecchia_lik_betas" "MCMC_all" 
"my_nghb" "vecchia_lik_betas" "MCMC_all" 
"length" "tail.default" "tail" "my_nghb" "vecchia_lik_betas" "MCMC_all" 
"my_nghb" "vecchia_lik_betas" "MCMC_all" 
"tail" "my_nghb" "vecchia_lik_betas" "MCMC_all" 
"vecchia_lik_betas" "MCMC_all" 
"my_nghb" "vecchia_lik_betas" "MCMC_all" 
"my_nghb" "vecchia_lik_betas" "MCMC_all" 
"vecchia_lik_betas" "MCMC_all" 
"row" "as.matrix.dist" "as.matrix" "unname" "vecchia_lik_betas" "MCMC_all" 
"my_nghb" "vecchia_lik_betas" "MCMC_all" 
"order" "vecchia_lik_betas" "MCMC_all" 
"my_nghb" "vecchia_lik_betas" "MCMC_all" 
"t.default" "t" "as.matrix.dist" "as.matrix" "unname" "vecchia_lik_betas" "MCMC_all" 
"vecchia_lik_betas" "MCMC_all" 
"match.arg" "order" "vecchia_lik_betas" "MCMC_all" 
"my_nghb" "vecchia_lik_betas" "MCMC_all" 
"vecchia_lik_betas" "MCMC_all" 
"my_nghb" "vecchia_lik_betas" "MCMC_all" 
"vecchia_lik_betas" "MCMC_all" 
"my_nghb" "vecchia_lik_betas" "MCMC_all" 
"my_nghb" "vecchia_lik_betas" "MCMC_all" 
"my_nghb" "vecchia_lik_betas" "MCMC_all" 
"vecchia_lik_betas" "MCMC_all" 
"my_nghb" "vecchia_lik_betas" "MCMC_all" 
"vecchia_lik_betas" "MCMC_all" 
"my_nghb" "vecchia_lik_betas" "MCMC_all" 
"vecchia_lik_betas" "MCMC_all" 
"col" "as.matrix.dist" "as.matrix" "unname" "vecchia_lik_betas" "MCMC_all" 
"vecchia_lik_betas" "MCMC_all" 
"my_nghb" "vecchia_lik_betas" "MCMC_all" 
"sum" "vecchia_lik_betas" "MCMC_all" 
"dgamma" "dinvgamma" "MCMC_all" 
"tail" "my_nghb" "vecchia_lik_betas" "MCMC_all" 
"my_nghb" "vecchia_lik_betas" "MCMC_all" 
"my_nghb" "vecchia_lik_betas" "MCMC_all" 
"my_nghb" "vecchia_lik_betas" "MCMC_all" 
"match.arg" "order" "vecchia_lik_betas" "MCMC_all" 
"my_nghb" "vecchia_lik_betas" "MCMC_all" 
"vecchia_lik_betas" "MCMC_all" 
"vecchia_lik_betas" "MCMC_all" 
"my_nghb" "vecchia_lik_betas" "MCMC_all" 
"matrix" "as.matrix.dist" "as.matrix" "unname" "vecchia_lik_betas" "MCMC_all" 
"my_nghb" "vecchia_lik_betas" "MCMC_all" 
"my_nghb" "vecchia_lik_betas" "MCMC_all" 
"my_nghb" "vecchia_lik_betas" "MCMC_all" 
"my_nghb" "vecchia_lik_betas" "MCMC_all" 
"tail" "my_nghb" "vecchia_lik_betas" "MCMC_all" 
"tail" "my_nghb" "vecchia_lik_betas" "MCMC_all" 
"vecchia_lik_betas" "MCMC_all" 
"my_nghb" "vecchia_lik_betas" "MCMC_all" 
"my_nghb" "vecchia_lik_betas" "MCMC_all" 
"my_nghb" "vecchia_lik_betas" "MCMC_all" 
"vecchia_lik_betas" "MCMC_all" 
"vecchia_lik_betas" "MCMC_all" 
"vecchia_lik_betas" "MCMC_all" 
"vecchia_lik_betas" "MCMC_all" 
"tail" "my_nghb" "vecchia_lik_betas" "MCMC_all" 
"vecchia_lik_betas" "MCMC_all" 
"my_nghb" "vecchia_lik_betas" "MCMC_all" 
"vecchia_lik_betas" "MCMC_all" 
"vecchia_lik_betas" "MCMC_all" 
"my_nghb" "vecchia_lik_betas" "MCMC_all" 
"my_nghb" "vecchia_lik_betas" "MCMC_all" 
"as.matrix.dist" "as.matrix" "unname" "vecchia_lik_betas" "MCMC_all" 
"vecchia_lik_betas" "MCMC_all" 
"sample" "MCMC_all" 
"my_nghb" "vecchia_lik_betas" "MCMC_all" 
"matrix" "my_nghb" "vecchia_lik_betas" "MCMC_all" 
"vecchia_lik_betas" "MCMC_all" 
"tail" "my_nghb" "vecchia_lik_betas" "MCMC_all" 
"vecchia_lik_betas" "MCMC_all" 
"my_nghb" "vecchia_lik_betas" "MCMC_all" 
"vecchia_lik_betas" "MCMC_all" 
"vecchia_lik_betas" "MCMC_all" 
"vecchia_lik_betas" "MCMC_all" 
"vecchia_lik_betas" "MCMC_all" 
"my_nghb" "vecchia_lik_betas" "MCMC_all" 
"matrix" "as.matrix.dist" "as.matrix" "unname" "vecchia_lik_betas" "MCMC_all" 
"my_nghb" "vecchia_lik_betas" "MCMC_all" 
"my_nghb" "vecchia_lik_betas" "MCMC_all" 
"unname" "vecchia_lik_betas" "MCMC_all" 
"my_nghb" "vecchia_lik_betas" "MCMC_all" 
"tail" "my_nghb" "vecchia_lik_betas" "MCMC_all" 
"my_nghb" "vecchia_lik_betas" "MCMC_all" 
"vecchia_lik_betas" "MCMC_all" 
"my_nghb" "vecchia_lik_betas" "MCMC_all" 
"my_nghb" "vecchia_lik_betas" "MCMC_all" 
"as.matrix" "unname" "vecchia_lik_betas" "MCMC_all" 
"tail" "my_nghb" "vecchia_lik_betas" "MCMC_all" 
"tail" "my_nghb" "vecchia_lik_betas" "MCMC_all" 
"my_nghb" "vecchia_lik_betas" "MCMC_all" 
"sum" "vecchia_lik_betas" "MCMC_all" 
"checkHT" "tail.default" "tail" "my_nghb" "vecchia_lik_betas" "MCMC_all" 
"my_nghb" "vecchia_lik_betas" "MCMC_all" 
"my_nghb" "vecchia_lik_betas" "MCMC_all" 
"vecchia_lik_betas" "MCMC_all" 
"my_nghb" "vecchia_lik_betas" "MCMC_all" 
"as.matrix.dist" "as.matrix" "unname" "vecchia_lik_betas" "MCMC_all" 
"is.na" "checkHT" "tail.default" "tail" "my_nghb" "vecchia_lik_betas" "MCMC_all" 
"vecchia_lik_betas" "MCMC_all" 
"vecchia_lik_betas" "MCMC_all" 
"vecchia_lik_betas" "MCMC_all" 
"matrix" "my_nghb" "vecchia_lik_betas" "MCMC_all" 
"tail.default" "tail" "my_nghb" "vecchia_lik_betas" "MCMC_all" 
"checkHT" "tail.default" "tail" "my_nghb" "vecchia_lik_betas" "MCMC_all" 
"my_nghb" "vecchia_lik_betas" "MCMC_all" 
"my_nghb" "vecchia_lik_betas" "MCMC_all" 
"vecchia_lik_betas" "MCMC_all" 
"tail" "my_nghb" "vecchia_lik_betas" "MCMC_all" 
"vecchia_lik_betas" "MCMC_all" 
"tail.default" "tail" "my_nghb" "vecchia_lik_betas" "MCMC_all" 
"my_nghb" "vecchia_lik_betas" "MCMC_all" 
"my_nghb" "vecchia_lik_betas" "MCMC_all" 
"my_nghb" "vecchia_lik_betas" "MCMC_all" 
"my_nghb" "vecchia_lik_betas" "MCMC_all" 
"tail" "my_nghb" "vecchia_lik_betas" "MCMC_all" 
"my_nghb" "vecchia_lik_betas" "MCMC_all" 
"t.default" "t" "as.matrix.dist" "as.matrix" "unname" "vecchia_lik_betas" "MCMC_all" 
"vecchia_lik_betas" "MCMC_all" 
"my_nghb" "vecchia_lik_betas" "MCMC_all" 
"my_nghb" "vecchia_lik_betas" "MCMC_all" 
"vecchia_lik_betas" "MCMC_all" 
"my_nghb" "vecchia_lik_betas" "MCMC_all" 
"my_nghb" "vecchia_lik_betas" "MCMC_all" 
"vecchia_lik_betas" "MCMC_all" 
"my_nghb" "vecchia_lik_betas" "MCMC_all" 
"checkHT" "tail.default" "tail" "my_nghb" "vecchia_lik_betas" "MCMC_all" 
"checkHT" "tail.default" "tail" "my_nghb" "vecchia_lik_betas" "MCMC_all" 
"tail" "my_nghb" "vecchia_lik_betas" "MCMC_all" 
"min" "tail.default" "tail" "my_nghb" "vecchia_lik_betas" "MCMC_all" 
"vecchia_lik_betas" "MCMC_all" 
"vecchia_lik_betas" "MCMC_all" 
"vecchia_lik_betas" "MCMC_all" 
"my_nghb" "vecchia_lik_betas" "MCMC_all" 
"my_nghb" "vecchia_lik_betas" "MCMC_all" 
"my_nghb" "vecchia_lik_betas" "MCMC_all" 
"my_nghb" "vecchia_lik_betas" "MCMC_all" 
"vecchia_lik_betas" "MCMC_all" 
"dist" "as.matrix" "unname" "vecchia_lik_betas" "MCMC_all" 
"my_nghb" "vecchia_lik_betas" "MCMC_all" 
"tail" "my_nghb" "vecchia_lik_betas" "MCMC_all" 
"vecchia_lik_betas" "MCMC_all" 
"vecchia_lik_betas" "MCMC_all" 
"my_nghb" "vecchia_lik_betas" "MCMC_all" 
"my_nghb" "vecchia_lik_betas" "MCMC_all" 
"vecchia_lik_betas" "MCMC_all" 
"my_nghb" "vecchia_lik_betas" "MCMC_all" 
"my_nghb" "vecchia_lik_betas" "MCMC_all" 
"matrix" "as.matrix.dist" "as.matrix" "unname" "vecchia_lik_betas" "MCMC_all" 
"any" "my_nghb" "vecchia_lik_betas" "MCMC_all" 
"my_nghb" "vecchia_lik_betas" "MCMC_all" 
"dist" "as.matrix" "unname" "vecchia_lik_betas" "MCMC_all" 
"my_nghb" "vecchia_lik_betas" "MCMC_all" 
"my_nghb" "vecchia_lik_betas" "MCMC_all" 
"vecchia_lik_betas" "MCMC_all" 
"my_nghb" "vecchia_lik_betas" "MCMC_all" 
"vecchia_lik_betas" "MCMC_all" 
"my_nghb" "vecchia_lik_betas" "MCMC_all" 
"vecchia_lik_betas" "MCMC_all" 
"my_nghb" "vecchia_lik_betas" "MCMC_all" 
"c" "my_nghb" "vecchia_lik_betas" "MCMC_all" 
"my_nghb" "vecchia_lik_betas" "MCMC_all" 
"tail" "my_nghb" "vecchia_lik_betas" "MCMC_all" 
"order" "vecchia_lik_betas" "MCMC_all" 
"my_nghb" "vecchia_lik_betas" "MCMC_all" 
"vecchia_lik_betas" "MCMC_all" 
"my_nghb" "vecchia_lik_betas" "MCMC_all" 
"my_nghb" "vecchia_lik_betas" "MCMC_all" 
"vecchia_lik_betas" "MCMC_all" 
"vecchia_lik_betas" "MCMC_all" 
"my_nghb" "vecchia_lik_betas" "MCMC_all" 
"vecchia_lik_betas" "MCMC_all" 
"order" "vecchia_lik_betas" "MCMC_all" 
"vecchia_lik_betas" "MCMC_all" 
"my_nghb" "vecchia_lik_betas" "MCMC_all" 
"vecchia_lik_betas" "MCMC_all" 
"vecchia_lik_betas" "MCMC_all" 
"my_nghb" "vecchia_lik_betas" "MCMC_all" 
"vecchia_lik_betas" "MCMC_all" 
"my_nghb" "vecchia_lik_betas" "MCMC_all" 
"my_nghb" "vecchia_lik_betas" "MCMC_all" 
"tail" "my_nghb" "vecchia_lik_betas" "MCMC_all" 
"my_nghb" "vecchia_lik_betas" "MCMC_all" 
"my_nghb" "vecchia_lik_betas" "MCMC_all" 
"vecchia_lik_betas" "MCMC_all" 
"my_nghb" "vecchia_lik_betas" "MCMC_all" 
"tail" "my_nghb" "vecchia_lik_betas" "MCMC_all" 
"tail" "my_nghb" "vecchia_lik_betas" "MCMC_all" 
"vecchia_lik_betas" "MCMC_all" 
"vecchia_lik_betas" "MCMC_all" 
"my_nghb" "vecchia_lik_betas" "MCMC_all" 
"vecchia_lik_betas" "MCMC_all" 
"sum" "vecchia_lik_betas" "MCMC_all" 
"tail.default" "tail" "my_nghb" "vecchia_lik_betas" "MCMC_all" 
"dinvgamma" "MCMC_all" 
"eval" "match.arg" "order" "vecchia_lik_betas" "MCMC_all" 
"as.matrix.dist" "as.matrix" "unname" "vecchia_lik_betas" "MCMC_all" 
"tail" "my_nghb" "vecchia_lik_betas" "MCMC_all" 
"my_nghb" "vecchia_lik_betas" "MCMC_all" 
"vecchia_lik_betas" "MCMC_all" 
"my_nghb" "vecchia_lik_betas" "MCMC_all" 
"sum" "vecchia_lik_betas" "MCMC_all" 
"sum" "vecchia_lik_betas" "MCMC_all" 
"my_nghb" "vecchia_lik_betas" "MCMC_all" 
"my_nghb" "vecchia_lik_betas" "MCMC_all" 
"my_nghb" "vecchia_lik_betas" "MCMC_all" 
"tail" "my_nghb" "vecchia_lik_betas" "MCMC_all" 
"my_nghb" "vecchia_lik_betas" "MCMC_all" 
"seq.int" "tail.default" "tail" "my_nghb" "vecchia_lik_betas" "MCMC_all" 
"vecchia_lik_betas" "MCMC_all" 
"my_nghb" "vecchia_lik_betas" "MCMC_all" 
"my_nghb" "vecchia_lik_betas" "MCMC_all" 
"vecchia_lik_betas" "MCMC_all" 
"checkHT" "tail.default" "tail" "my_nghb" "vecchia_lik_betas" "MCMC_all" 
"vecchia_lik_betas" "MCMC_all" 
"vecchia_lik_betas" "MCMC_all" 
"vecchia_lik_betas" "MCMC_all" 
"vecchia_lik_betas" "MCMC_all" 
"my_nghb" "vecchia_lik_betas" "MCMC_all" 
"checkHT" "tail.default" "tail" "my_nghb" "vecchia_lik_betas" "MCMC_all" 
"my_nghb" "vecchia_lik_betas" "MCMC_all" 
"tail" "my_nghb" "vecchia_lik_betas" "MCMC_all" 
"vecchia_lik_betas" "MCMC_all" 
"vecchia_lik_betas" "MCMC_all" 
"my_nghb" "vecchia_lik_betas" "MCMC_all" 
"invisible" "checkHT" "tail.default" "tail" "my_nghb" "vecchia_lik_betas" "MCMC_all" 
"t.default" "t" "as.matrix.dist" "as.matrix" "unname" "vecchia_lik_betas" "MCMC_all" 
"my_nghb" "vecchia_lik_betas" "MCMC_all" 
"checkHT" "tail.default" "tail" "my_nghb" "vecchia_lik_betas" "MCMC_all" 
"cat" "pb$up" "setTxtProgressBar" "MCMC_all" 
"my_nghb" "vecchia_lik_betas" "MCMC_all" 
"c" "my_nghb" "vecchia_lik_betas" "MCMC_all" 
"my_nghb" "vecchia_lik_betas" "MCMC_all" 
"checkHT" "tail.default" "tail" "my_nghb" "vecchia_lik_betas" "MCMC_all" 
"vecchia_lik_betas" "MCMC_all" 
"my_nghb" "vecchia_lik_betas" "MCMC_all" 
"my_nghb" "vecchia_lik_betas" "MCMC_all" 
"my_nghb" "vecchia_lik_betas" "MCMC_all" 
"my_nghb" "vecchia_lik_betas" "MCMC_all" 
"my_nghb" "vecchia_lik_betas" "MCMC_all" 
"my_nghb" "vecchia_lik_betas" "MCMC_all" 
"tail.default" "tail" "my_nghb" "vecchia_lik_betas" "MCMC_all" 
"my_nghb" "vecchia_lik_betas" "MCMC_all" 
"order" "vecchia_lik_betas" "MCMC_all" 
"tail" "my_nghb" "vecchia_lik_betas" "MCMC_all" 
"vecchia_lik_betas" "MCMC_all" 
"my_nghb" "vecchia_lik_betas" "MCMC_all" 
"vecchia_lik_betas" "MCMC_all" 
"my_nghb" "vecchia_lik_betas" "MCMC_all" 
"my_nghb" "vecchia_lik_betas" "MCMC_all" 
"my_nghb" "vecchia_lik_betas" "MCMC_all" 
"my_nghb" "vecchia_lik_betas" "MCMC_all" 
"as.matrix.dist" "as.matrix" "unname" "vecchia_lik_betas" "MCMC_all" 
"vecchia_lik_betas" "MCMC_all" 
"tail.default" "tail" "my_nghb" "vecchia_lik_betas" "MCMC_all" 
"my_nghb" "vecchia_lik_betas" "MCMC_all" 
"vecchia_lik_betas" "MCMC_all" 
"my_nghb" "vecchia_lik_betas" "MCMC_all" 
"checkHT" "tail.default" "tail" "my_nghb" "vecchia_lik_betas" "MCMC_all" 
"length" "tail.default" "tail" "my_nghb" "vecchia_lik_betas" "MCMC_all" 
"tail" "my_nghb" "vecchia_lik_betas" "MCMC_all" 
"vecchia_lik_betas" "MCMC_all" 
"vecchia_lik_betas" "MCMC_all" 
"my_nghb" "vecchia_lik_betas" "MCMC_all" 
"my_nghb" "vecchia_lik_betas" "MCMC_all" 
"my_nghb" "vecchia_lik_betas" "MCMC_all" 
"vecchia_lik_betas" "MCMC_all" 
"tail" "my_nghb" "vecchia_lik_betas" "MCMC_all" 
"t.default" "t" "as.matrix.dist" "as.matrix" "unname" "vecchia_lik_betas" "MCMC_all" 
"my_nghb" "vecchia_lik_betas" "MCMC_all" 
"tail.default" "tail" "my_nghb" "vecchia_lik_betas" "MCMC_all" 
"my_nghb" "vecchia_lik_betas" "MCMC_all" 
"tail.default" "tail" "my_nghb" "vecchia_lik_betas" "MCMC_all" 
"matrix" "as.matrix.dist" "as.matrix" "unname" "vecchia_lik_betas" "MCMC_all" 
"checkHT" "tail.default" "tail" "my_nghb" "vecchia_lik_betas" "MCMC_all" 
"my_nghb" "vecchia_lik_betas" "MCMC_all" 
"my_nghb" "vecchia_lik_betas" "MCMC_all" 
"min" "tail.default" "tail" "my_nghb" "vecchia_lik_betas" "MCMC_all" 
"min" "tail.default" "tail" "my_nghb" "vecchia_lik_betas" "MCMC_all" 
"min" "tail.default" "tail" "my_nghb" "vecchia_lik_betas" "MCMC_all" 
"vecchia_lik_betas" "MCMC_all" 
"vecchia_lik_betas" "MCMC_all" 
"sum" "vecchia_lik_betas" "MCMC_all" 
"my_nghb" "vecchia_lik_betas" "MCMC_all" 
"vecchia_lik_betas" "MCMC_all" 
"vecchia_lik_betas" "MCMC_all" 
"sum" "vecchia_lik_betas" "MCMC_all" 
"my_nghb" "vecchia_lik_betas" "MCMC_all" 
"any" "my_nghb" "vecchia_lik_betas" "MCMC_all" 
"my_nghb" "vecchia_lik_betas" "MCMC_all" 
"vecchia_lik_betas" "MCMC_all" 
"vecchia_lik_betas" "MCMC_all" 
"my_nghb" "vecchia_lik_betas" "MCMC_all" 
"my_nghb" "vecchia_lik_betas" "MCMC_all" 
"tail.default" "tail" "my_nghb" "vecchia_lik_betas" "MCMC_all" 
"as.matrix.dist" "as.matrix" "unname" "vecchia_lik_betas" "MCMC_all" 
"my_nghb" "vecchia_lik_betas" "MCMC_all" 
"my_nghb" "vecchia_lik_betas" "MCMC_all" 
"my_nghb" "vecchia_lik_betas" "MCMC_all" 
"my_nghb" "vecchia_lik_betas" "MCMC_all" 
"my_nghb" "vecchia_lik_betas" "MCMC_all" 
"vecchia_lik_betas" "MCMC_all" 
"my_nghb" "vecchia_lik_betas" "MCMC_all" 
"vecchia_lik_betas" "MCMC_all" 
"vecchia_lik_betas" "MCMC_all" 
"my_nghb" "vecchia_lik_betas" "MCMC_all" 
"tail.default" "tail" "my_nghb" "vecchia_lik_betas" "MCMC_all" 
"dist" "as.matrix" "unname" "vecchia_lik_betas" "MCMC_all" 
"c" "my_nghb" "vecchia_lik_betas" "MCMC_all" 
"dim" "checkHT" "tail.default" "tail" "my_nghb" "vecchia_lik_betas" "MCMC_all" 
"my_nghb" "vecchia_lik_betas" "MCMC_all" 
"my_nghb" "vecchia_lik_betas" "MCMC_all" 
"vecchia_lik_betas" "MCMC_all" 
"order" "vecchia_lik_betas" "MCMC_all" 
"my_nghb" "vecchia_lik_betas" "MCMC_all" 
"my_nghb" "vecchia_lik_betas" "MCMC_all" 
"my_nghb" "vecchia_lik_betas" "MCMC_all" 
"vecchia_lik_betas" "MCMC_all" 
"my_nghb" "vecchia_lik_betas" "MCMC_all" 
"my_nghb" "vecchia_lik_betas" "MCMC_all" 
"tail.default" "tail" "my_nghb" "vecchia_lik_betas" "MCMC_all" 
"vecchia_lik_betas" "MCMC_all" 
"checkHT" "tail.default" "tail" "my_nghb" "vecchia_lik_betas" "MCMC_all" 
"my_nghb" "vecchia_lik_betas" "MCMC_all" 
"c" "my_nghb" "vecchia_lik_betas" "MCMC_all" 
"my_nghb" "vecchia_lik_betas" "MCMC_all" 
"my_nghb" "vecchia_lik_betas" "MCMC_all" 
"vecchia_lik_betas" "MCMC_all" 
"seq.int" "tail.default" "tail" "my_nghb" "vecchia_lik_betas" "MCMC_all" 
"vecchia_lik_betas" "MCMC_all" 
"vecchia_lik_betas" "MCMC_all" 
"vecchia_lik_betas" "MCMC_all" 
"my_nghb" "vecchia_lik_betas" "MCMC_all" 
"vecchia_lik_betas" "MCMC_all" 
"my_nghb" "vecchia_lik_betas" "MCMC_all" 
"my_nghb" "vecchia_lik_betas" "MCMC_all" 
"all" "checkHT" "tail.default" "tail" "my_nghb" "vecchia_lik_betas" "MCMC_all" 
"tail.default" "tail" "my_nghb" "vecchia_lik_betas" "MCMC_all" 
"parent.frame" "match.call" "dist" "as.matrix" "unname" "vecchia_lik_betas" "MCMC_all" 
"vecchia_lik_betas" "MCMC_all" 
"vecchia_lik_betas" "MCMC_all" 
"my_nghb" "vecchia_lik_betas" "MCMC_all" 
"vecchia_lik_betas" "MCMC_all" 
"sum" "vecchia_lik_betas" "MCMC_all" 
"matrix" "as.matrix.dist" "as.matrix" "unname" "vecchia_lik_betas" "MCMC_all" 
"my_nghb" "vecchia_lik_betas" "MCMC_all" 
"dist" "as.matrix" "unname" "vecchia_lik_betas" "MCMC_all" 
"vecchia_lik_betas" "MCMC_all" 
"my_nghb" "vecchia_lik_betas" "MCMC_all" 
"checkHT" "tail.default" "tail" "my_nghb" "vecchia_lik_betas" "MCMC_all" 
"checkHT" "tail.default" "tail" "my_nghb" "vecchia_lik_betas" "MCMC_all" 
"vecchia_lik_betas" "MCMC_all" 
"my_nghb" "vecchia_lik_betas" "MCMC_all" 
"my_nghb" "vecchia_lik_betas" "MCMC_all" 
"my_nghb" "vecchia_lik_betas" "MCMC_all" 
"vecchia_lik_betas" "MCMC_all" 
"my_nghb" "vecchia_lik_betas" "MCMC_all" 
"my_nghb" "vecchia_lik_betas" "MCMC_all" 
"my_nghb" "vecchia_lik_betas" "MCMC_all" 
"vecchia_lik_betas" "MCMC_all" 
"vecchia_lik_betas" "MCMC_all" 
"vecchia_lik_betas" "MCMC_all" 
"vecchia_lik_betas" "MCMC_all" 
"my_nghb" "vecchia_lik_betas" "MCMC_all" 
"my_nghb" "vecchia_lik_betas" "MCMC_all" 
"my_nghb" "vecchia_lik_betas" "MCMC_all" 
"vecchia_lik_betas" "MCMC_all" 
"my_nghb" "vecchia_lik_betas" "MCMC_all" 
"my_nghb" "vecchia_lik_betas" "MCMC_all" 
"dinvgamma" "MCMC_all" 
"sum" "vecchia_lik_betas" "MCMC_all" 
"my_nghb" "vecchia_lik_betas" "MCMC_all" 
"my_nghb" "vecchia_lik_betas" "MCMC_all" 
"vecchia_lik_betas" "MCMC_all" 
"vecchia_lik_betas" "MCMC_all" 
"my_nghb" "vecchia_lik_betas" "MCMC_all" 
"my_nghb" "vecchia_lik_betas" "MCMC_all" 
"vecchia_lik_betas" "MCMC_all" 
"checkHT" "tail.default" "tail" "my_nghb" "vecchia_lik_betas" "MCMC_all" 
"my_nghb" "vecchia_lik_betas" "MCMC_all" 
"matrix" "as.matrix.dist" "as.matrix" "unname" "vecchia_lik_betas" "MCMC_all" 
"my_nghb" "vecchia_lik_betas" "MCMC_all" 
"my_nghb" "vecchia_lik_betas" "MCMC_all" 
"my_nghb" "vecchia_lik_betas" "MCMC_all" 
"my_nghb" "vecchia_lik_betas" "MCMC_all" 
"my_nghb" "vecchia_lik_betas" "MCMC_all" 
"vecchia_lik_betas" "MCMC_all" 
"vecchia_lik_betas" "MCMC_all" 
"my_nghb" "vecchia_lik_betas" "MCMC_all" 
"seq.int" "tail.default" "tail" "my_nghb" "vecchia_lik_betas" "MCMC_all" 
"my_nghb" "vecchia_lik_betas" "MCMC_all" 
"my_nghb" "vecchia_lik_betas" "MCMC_all" 
"my_nghb" "vecchia_lik_betas" "MCMC_all" 
"vecchia_lik_betas" "MCMC_all" 
"my_nghb" "vecchia_lik_betas" "MCMC_all" 
"my_nghb" "vecchia_lik_betas" "MCMC_all" 
"my_nghb" "vecchia_lik_betas" "MCMC_all" 
"tail" "my_nghb" "vecchia_lik_betas" "MCMC_all" 
"all" "checkHT" "tail.default" "tail" "my_nghb" "vecchia_lik_betas" "MCMC_all" 
"tail.default" "tail" "my_nghb" "vecchia_lik_betas" "MCMC_all" 
"vecchia_lik_betas" "MCMC_all" 
"vecchia_lik_betas" "MCMC_all" 
"tail.default" "tail" "my_nghb" "vecchia_lik_betas" "MCMC_all" 
"my_nghb" "vecchia_lik_betas" "MCMC_all" 
"my_nghb" "vecchia_lik_betas" "MCMC_all" 
"my_nghb" "vecchia_lik_betas" "MCMC_all" 
"my_nghb" "vecchia_lik_betas" "MCMC_all" 
"vecchia_lik_betas" "MCMC_all" 
"logical" "vapply" "order" "vecchia_lik_betas" "MCMC_all" 
"vecchia_lik_betas" "MCMC_all" 
"my_nghb" "vecchia_lik_betas" "MCMC_all" 
"vecchia_lik_betas" "MCMC_all" 
"dist" "as.matrix" "unname" "vecchia_lik_betas" "MCMC_all" 
"my_nghb" "vecchia_lik_betas" "MCMC_all" 
"vecchia_lik_betas" "MCMC_all" 
"vecchia_lik_betas" "MCMC_all" 
"all" "checkHT" "tail.default" "tail" "my_nghb" "vecchia_lik_betas" "MCMC_all" 
"my_nghb" "vecchia_lik_betas" "MCMC_all" 
"vecchia_lik_betas" "MCMC_all" 
"vapply" "order" "vecchia_lik_betas" "MCMC_all" 
"vapply" "order" "vecchia_lik_betas" "MCMC_all" 
"pmatch" "dist" "as.matrix" "unname" "vecchia_lik_betas" "MCMC_all" 
"my_nghb" "vecchia_lik_betas" "MCMC_all" 
"vecchia_lik_betas" "MCMC_all" 
"tail" "my_nghb" "vecchia_lik_betas" "MCMC_all" 
"my_nghb" "vecchia_lik_betas" "MCMC_all" 
"vecchia_lik_betas" "MCMC_all" 
"dim" "checkHT" "tail.default" "tail" "my_nghb" "vecchia_lik_betas" "MCMC_all" 
"my_nghb" "vecchia_lik_betas" "MCMC_all" 
"vecchia_lik_betas" "MCMC_all" 
"my_nghb" "vecchia_lik_betas" "MCMC_all" 
"sum" "vecchia_lik_betas" "MCMC_all" 
"my_nghb" "vecchia_lik_betas" "MCMC_all" 
"my_nghb" "vecchia_lik_betas" "MCMC_all" 
"row" "as.matrix.dist" "as.matrix" "unname" "vecchia_lik_betas" "MCMC_all" 
"my_nghb" "vecchia_lik_betas" "MCMC_all" 
"as.matrix.dist" "as.matrix" "unname" "vecchia_lik_betas" "MCMC_all" 
"my_nghb" "vecchia_lik_betas" "MCMC_all" 
"matrix" "as.matrix.dist" "as.matrix" "unname" "vecchia_lik_betas" "MCMC_all" 
"vecchia_lik_betas" "MCMC_all" 
"vecchia_lik_betas" "MCMC_all" 
"tail" "my_nghb" "vecchia_lik_betas" "MCMC_all" 
"vecchia_lik_betas" "MCMC_all" 
"sum" "vecchia_lik_betas" "MCMC_all" 
"vecchia_lik_betas" "MCMC_all" 
"tail" "my_nghb" "vecchia_lik_betas" "MCMC_all" 
"my_nghb" "vecchia_lik_betas" "MCMC_all" 
"any" "my_nghb" "vecchia_lik_betas" "MCMC_all" 
"vecchia_lik_betas" "MCMC_all" 
"my_nghb" "vecchia_lik_betas" "MCMC_all" 
"vecchia_lik_betas" "MCMC_all" 
"my_nghb" "vecchia_lik_betas" "MCMC_all" 
"dist" "as.matrix" "unname" "vecchia_lik_betas" "MCMC_all" 
"vecchia_lik_betas" "MCMC_all" 
"vecchia_lik_betas" "MCMC_all" 
"vecchia_lik_betas" "MCMC_all" 
"my_nghb" "vecchia_lik_betas" "MCMC_all" 
"checkHT" "tail.default" "tail" "my_nghb" "vecchia_lik_betas" "MCMC_all" 
"my_nghb" "vecchia_lik_betas" "MCMC_all" 
"my_nghb" "vecchia_lik_betas" "MCMC_all" 
"my_nghb" "vecchia_lik_betas" "MCMC_all" 
"tail" "my_nghb" "vecchia_lik_betas" "MCMC_all" 
"min" "tail.default" "tail" "my_nghb" "vecchia_lik_betas" "MCMC_all" 
"vecchia_lik_betas" "MCMC_all" 
"vecchia_lik_betas" "MCMC_all" 
"sum" "vecchia_lik_betas" "MCMC_all" 
"my_nghb" "vecchia_lik_betas" "MCMC_all" 
"match.arg" "order" "vecchia_lik_betas" "MCMC_all" 
"match.arg" "order" "vecchia_lik_betas" "MCMC_all" 
"my_nghb" "vecchia_lik_betas" "MCMC_all" 
"tail.default" "tail" "my_nghb" "vecchia_lik_betas" "MCMC_all" 
"my_nghb" "vecchia_lik_betas" "MCMC_all" 
"my_nghb" "vecchia_lik_betas" "MCMC_all" 
"my_nghb" "vecchia_lik_betas" "MCMC_all" 
"my_nghb" "vecchia_lik_betas" "MCMC_all" 
"my_nghb" "vecchia_lik_betas" "MCMC_all" 
"my_nghb" "vecchia_lik_betas" "MCMC_all" 
"vecchia_lik_betas" "MCMC_all" 
"tail" "my_nghb" "vecchia_lik_betas" "MCMC_all" 
"vecchia_lik_betas" "MCMC_all" 
"my_nghb" "vecchia_lik_betas" "MCMC_all" 
"t.default" "t" "as.matrix.dist" "as.matrix" "unname" "vecchia_lik_betas" "MCMC_all" 
"my_nghb" "vecchia_lik_betas" "MCMC_all" 
"my_nghb" "vecchia_lik_betas" "MCMC_all" 
"vecchia_lik_betas" "MCMC_all" 
"my_nghb" "vecchia_lik_betas" "MCMC_all" 
"my_nghb" "vecchia_lik_betas" "MCMC_all" 
"my_nghb" "vecchia_lik_betas" "MCMC_all" 
"vecchia_lik_betas" "MCMC_all" 
"my_nghb" "vecchia_lik_betas" "MCMC_all" 
"vecchia_lik_betas" "MCMC_all" 
"vecchia_lik_betas" "MCMC_all" 
"vecchia_lik_betas" "MCMC_all" 
"vecchia_lik_betas" "MCMC_all" 
"my_nghb" "vecchia_lik_betas" "MCMC_all" 
"my_nghb" "vecchia_lik_betas" "MCMC_all" 
"dist" "as.matrix" "unname" "vecchia_lik_betas" "MCMC_all" 
"min" "tail.default" "tail" "my_nghb" "vecchia_lik_betas" "MCMC_all" 
"as.matrix.dist" "as.matrix" "unname" "vecchia_lik_betas" "MCMC_all" 
"vecchia_lik_betas" "MCMC_all" 
"tail" "my_nghb" "vecchia_lik_betas" "MCMC_all" 
"my_nghb" "vecchia_lik_betas" "MCMC_all" 
"tail" "my_nghb" "vecchia_lik_betas" "MCMC_all" 
"vecchia_lik_betas" "MCMC_all" 
"my_nghb" "vecchia_lik_betas" "MCMC_all" 
"sys.call" "match.call" "dist" "as.matrix" "unname" "vecchia_lik_betas" "MCMC_all" 
"my_nghb" "vecchia_lik_betas" "MCMC_all" 
"my_nghb" "vecchia_lik_betas" "MCMC_all" 
"my_nghb" "vecchia_lik_betas" "MCMC_all" 
"vecchia_lik_betas" "MCMC_all" 
"vecchia_lik_betas" "MCMC_all" 
"all" "checkHT" "tail.default" "tail" "my_nghb" "vecchia_lik_betas" "MCMC_all" 
"as.matrix.dist" "as.matrix" "unname" "vecchia_lik_betas" "MCMC_all" 
"vecchia_lik_betas" "MCMC_all" 
"as.matrix" "unname" "vecchia_lik_betas" "MCMC_all" 
"tail" "my_nghb" "vecchia_lik_betas" "MCMC_all" 
"sum" "vecchia_lik_betas" "MCMC_all" 
"my_nghb" "vecchia_lik_betas" "MCMC_all" 
"as.matrix" "unname" "vecchia_lik_betas" "MCMC_all" 
"order" "vecchia_lik_betas" "MCMC_all" 
"vecchia_lik_betas" "MCMC_all" 
"vecchia_lik_betas" "MCMC_all" 
"vecchia_lik_betas" "MCMC_all" 
"vecchia_lik_betas" "MCMC_all" 
"my_nghb" "vecchia_lik_betas" "MCMC_all" 
"vecchia_lik_betas" "MCMC_all" 
"checkHT" "tail.default" "tail" "my_nghb" "vecchia_lik_betas" "MCMC_all" 
"checkHT" "tail.default" "tail" "my_nghb" "vecchia_lik_betas" "MCMC_all" 
"as.matrix.dist" "as.matrix" "unname" "vecchia_lik_betas" "MCMC_all" 
"my_nghb" "vecchia_lik_betas" "MCMC_all" 
"vecchia_lik_betas" "MCMC_all" 
"vecchia_lik_betas" "MCMC_all" 
"my_nghb" "vecchia_lik_betas" "MCMC_all" 
"vecchia_lik_betas" "MCMC_all" 
"vecchia_lik_betas" "MCMC_all" 
"vecchia_lik_betas" "MCMC_all" 
"checkHT" "tail.default" "tail" "my_nghb" "vecchia_lik_betas" "MCMC_all" 
"my_nghb" "vecchia_lik_betas" "MCMC_all" 
"my_nghb" "vecchia_lik_betas" "MCMC_all" 
"vecchia_lik_betas" "MCMC_all" 
"match.arg" "order" "vecchia_lik_betas" "MCMC_all" 
"my_nghb" "vecchia_lik_betas" "MCMC_all" 
"my_nghb" "vecchia_lik_betas" "MCMC_all" 
"vecchia_lik_betas" "MCMC_all" 
"vecchia_lik_betas" "MCMC_all" 
"t.default" "t" "as.matrix.dist" "as.matrix" "unname" "vecchia_lik_betas" "MCMC_all" 
"my_nghb" "vecchia_lik_betas" "MCMC_all" 
"vecchia_lik_betas" "MCMC_all" 
"my_nghb" "vecchia_lik_betas" "MCMC_all" 
"my_nghb" "vecchia_lik_betas" "MCMC_all" 
"vecchia_lik_betas" "MCMC_all" 
"my_nghb" "vecchia_lik_betas" "MCMC_all" 
"my_nghb" "vecchia_lik_betas" "MCMC_all" 
"vecchia_lik_betas" "MCMC_all" 
"tail" "my_nghb" "vecchia_lik_betas" "MCMC_all" 
"vecchia_lik_betas" "MCMC_all" 
"vecchia_lik_betas" "MCMC_all" 
"row" "as.matrix.dist" "as.matrix" "unname" "vecchia_lik_betas" "MCMC_all" 
"my_nghb" "vecchia_lik_betas" "MCMC_all" 
"vecchia_lik_betas" "MCMC_all" 
"my_nghb" "vecchia_lik_betas" "MCMC_all" 
"as.matrix.dist" "as.matrix" "unname" "vecchia_lik_betas" "MCMC_all" 
"match.arg" "order" "vecchia_lik_betas" "MCMC_all" 
"vecchia_lik_betas" "MCMC_all" 
"order" "vecchia_lik_betas" "MCMC_all" 
"my_nghb" "vecchia_lik_betas" "MCMC_all" 
"my_nghb" "vecchia_lik_betas" "MCMC_all" 
"vecchia_lik_betas" "MCMC_all" 
"vecchia_lik_betas" "MCMC_all" 
"my_nghb" "vecchia_lik_betas" "MCMC_all" 
"my_nghb" "vecchia_lik_betas" "MCMC_all" 
"my_nghb" "vecchia_lik_betas" "MCMC_all" 
"my_nghb" "vecchia_lik_betas" "MCMC_all" 
"my_nghb" "vecchia_lik_betas" "MCMC_all" 
"vecchia_lik_betas" "MCMC_all" 
"c" "my_nghb" "vecchia_lik_betas" "MCMC_all" 
"vecchia_lik_betas" "MCMC_all" 
"vecchia_lik_betas" "MCMC_all" 
"my_nghb" "vecchia_lik_betas" "MCMC_all" 
"checkHT" "tail.default" "tail" "my_nghb" "vecchia_lik_betas" "MCMC_all" 
"my_nghb" "vecchia_lik_betas" "MCMC_all" 
"vecchia_lik_betas" "MCMC_all" 
"min" "tail.default" "tail" "my_nghb" "vecchia_lik_betas" "MCMC_all" 
"seq.int" "tail.default" "tail" "my_nghb" "vecchia_lik_betas" "MCMC_all" 
"my_nghb" "vecchia_lik_betas" "MCMC_all" 
"MCMC_all" 
"vecchia_lik_betas" "MCMC_all" 
"my_nghb" "vecchia_lik_betas" "MCMC_all" 
"my_nghb" "vecchia_lik_betas" "MCMC_all" 
"vecchia_lik_betas" "MCMC_all" 
"vecchia_lik_betas" "MCMC_all" 
"my_nghb" "vecchia_lik_betas" "MCMC_all" 
"col" "as.matrix.dist" "as.matrix" "unname" "vecchia_lik_betas" "MCMC_all" 
"vecchia_lik_betas" "MCMC_all" 
"vecchia_lik_betas" "MCMC_all" 
"my_nghb" "vecchia_lik_betas" "MCMC_all" 
"my_nghb" "vecchia_lik_betas" "MCMC_all" 
"my_nghb" "vecchia_lik_betas" "MCMC_all" 
"my_nghb" "vecchia_lik_betas" "MCMC_all" 
"my_nghb" "vecchia_lik_betas" "MCMC_all" 
"my_nghb" "vecchia_lik_betas" "MCMC_all" 
"my_nghb" "vecchia_lik_betas" "MCMC_all" 
"my_nghb" "vecchia_lik_betas" "MCMC_all" 
"pmatch" "dist" "as.matrix" "unname" "vecchia_lik_betas" "MCMC_all" 
"pmatch" "dist" "as.matrix" "unname" "vecchia_lik_betas" "MCMC_all" 
"vecchia_lik_betas" "MCMC_all" 
"vecchia_lik_betas" "MCMC_all" 
"my_nghb" "vecchia_lik_betas" "MCMC_all" 
"my_nghb" "vecchia_lik_betas" "MCMC_all" 
"my_nghb" "vecchia_lik_betas" "MCMC_all" 
"my_nghb" "vecchia_lik_betas" "MCMC_all" 
"my_nghb" "vecchia_lik_betas" "MCMC_all" 
"checkHT" "tail.default" "tail" "my_nghb" "vecchia_lik_betas" "MCMC_all" 
"as.matrix.dist" "as.matrix" "unname" "vecchia_lik_betas" "MCMC_all" 
"tail.default" "tail" "my_nghb" "vecchia_lik_betas" "MCMC_all" 
"my_nghb" "vecchia_lik_betas" "MCMC_all" 
"vecchia_lik_betas" "MCMC_all" 
"row" "as.matrix.dist" "as.matrix" "unname" "vecchia_lik_betas" "MCMC_all" 
"vapply" "order" "vecchia_lik_betas" "MCMC_all" 
"my_nghb" "vecchia_lik_betas" "MCMC_all" 
"any" "my_nghb" "vecchia_lik_betas" "MCMC_all" 
"vecchia_lik_betas" "MCMC_all" 
"my_nghb" "vecchia_lik_betas" "MCMC_all" 
"tail" "my_nghb" "vecchia_lik_betas" "MCMC_all" 
"my_nghb" "vecchia_lik_betas" "MCMC_all" 
"pmatch" "dist" "as.matrix" "unname" "vecchia_lik_betas" "MCMC_all" 
"tail" "my_nghb" "vecchia_lik_betas" "MCMC_all" 
"vecchia_lik_betas" "MCMC_all" 
"matrix" "as.matrix.dist" "as.matrix" "unname" "vecchia_lik_betas" "MCMC_all" 
"my_nghb" "vecchia_lik_betas" "MCMC_all" 
"my_nghb" "vecchia_lik_betas" "MCMC_all" 
"my_nghb" "vecchia_lik_betas" "MCMC_all" 
"tail" "my_nghb" "vecchia_lik_betas" "MCMC_all" 
"vecchia_lik_betas" "MCMC_all" 
"vecchia_lik_betas" "MCMC_all" 
"my_nghb" "vecchia_lik_betas" "MCMC_all" 
"my_nghb" "vecchia_lik_betas" "MCMC_all" 
"vecchia_lik_betas" "MCMC_all" 
"my_nghb" "vecchia_lik_betas" "MCMC_all" 
"my_nghb" "vecchia_lik_betas" "MCMC_all" 
"tail" "my_nghb" "vecchia_lik_betas" "MCMC_all" 
"my_nghb" "vecchia_lik_betas" "MCMC_all" 
"my_nghb" "vecchia_lik_betas" "MCMC_all" 
"vecchia_lik_betas" "MCMC_all" 
"checkHT" "tail.default" "tail" "my_nghb" "vecchia_lik_betas" "MCMC_all" 
"vecchia_lik_betas" "MCMC_all" 
"my_nghb" "vecchia_lik_betas" "MCMC_all" 
"my_nghb" "vecchia_lik_betas" "MCMC_all" 
"vecchia_lik_betas" "MCMC_all" 
"vecchia_lik_betas" "MCMC_all" 
"vecchia_lik_betas" "MCMC_all" 
"tail.default" "tail" "my_nghb" "vecchia_lik_betas" "MCMC_all" 
"as.matrix" "unname" "vecchia_lik_betas" "MCMC_all" 
"seq.int" "tail.default" "tail" "my_nghb" "vecchia_lik_betas" "MCMC_all" 
"my_nghb" "vecchia_lik_betas" "MCMC_all" 
"my_nghb" "vecchia_lik_betas" "MCMC_all" 
"my_nghb" "vecchia_lik_betas" "MCMC_all" 
"eval" "match.arg" "order" "vecchia_lik_betas" "MCMC_all" 
"tail" "my_nghb" "vecchia_lik_betas" "MCMC_all" 
"tail" "my_nghb" "vecchia_lik_betas" "MCMC_all" 
"vecchia_lik_betas" "MCMC_all" 
"my_nghb" "vecchia_lik_betas" "MCMC_all" 
"t.default" "t" "as.matrix.dist" "as.matrix" "unname" "vecchia_lik_betas" "MCMC_all" 
"vecchia_lik_betas" "MCMC_all" 
"vecchia_lik_betas" "MCMC_all" 
"my_nghb" "vecchia_lik_betas" "MCMC_all" 
"vecchia_lik_betas" "MCMC_all" 
"match.arg" "order" "vecchia_lik_betas" "MCMC_all" 
"my_nghb" "vecchia_lik_betas" "MCMC_all" 
"as.matrix.dist" "as.matrix" "unname" "vecchia_lik_betas" "MCMC_all" 
"vecchia_lik_betas" "MCMC_all" 
"vecchia_lik_betas" "MCMC_all" 
"my_nghb" "vecchia_lik_betas" "MCMC_all" 
"tail" "my_nghb" "vecchia_lik_betas" "MCMC_all" 
"my_nghb" "vecchia_lik_betas" "MCMC_all" 
"my_nghb" "vecchia_lik_betas" "MCMC_all" 
"my_nghb" "vecchia_lik_betas" "MCMC_all" 
"my_nghb" "vecchia_lik_betas" "MCMC_all" 
"length" "tail.default" "tail" "my_nghb" "vecchia_lik_betas" "MCMC_all" 
"my_nghb" "vecchia_lik_betas" "MCMC_all" 
"vecchia_lik_betas" "MCMC_all" 
"vecchia_lik_betas" "MCMC_all" 
"min" "tail.default" "tail" "my_nghb" "vecchia_lik_betas" "MCMC_all" 
"vecchia_lik_betas" "MCMC_all" 
"my_nghb" "vecchia_lik_betas" "MCMC_all" 
"my_nghb" "vecchia_lik_betas" "MCMC_all" 
"tail" "my_nghb" "vecchia_lik_betas" "MCMC_all" 
"my_nghb" "vecchia_lik_betas" "MCMC_all" 
"my_nghb" "vecchia_lik_betas" "MCMC_all" 
"my_nghb" "vecchia_lik_betas" "MCMC_all" 
"my_nghb" "vecchia_lik_betas" "MCMC_all" 
"my_nghb" "vecchia_lik_betas" "MCMC_all" 
"vecchia_lik_betas" "MCMC_all" 
"vecchia_lik_betas" "MCMC_all" 
"as.matrix.dist" "as.matrix" "unname" "vecchia_lik_betas" "MCMC_all" 
"vecchia_lik_betas" "MCMC_all" 
"vecchia_lik_betas" "MCMC_all" 
"match.call" "dist" "as.matrix" "unname" "vecchia_lik_betas" "MCMC_all" 
"as.matrix.dist" "as.matrix" "unname" "vecchia_lik_betas" "MCMC_all" 
"sum" "vecchia_lik_betas" "MCMC_all" 
"tail" "my_nghb" "vecchia_lik_betas" "MCMC_all" 
"my_nghb" "vecchia_lik_betas" "MCMC_all" 
"my_nghb" "vecchia_lik_betas" "MCMC_all" 
"my_nghb" "vecchia_lik_betas" "MCMC_all" 
"my_nghb" "vecchia_lik_betas" "MCMC_all" 
"my_nghb" "vecchia_lik_betas" "MCMC_all" 
"sum" "vecchia_lik_betas" "MCMC_all" 
"my_nghb" "vecchia_lik_betas" "MCMC_all" 
"is.function" "match.fun" "vapply" "order" "vecchia_lik_betas" "MCMC_all" 
"my_nghb" "vecchia_lik_betas" "MCMC_all" 
"tail" "my_nghb" "vecchia_lik_betas" "MCMC_all" 
"my_nghb" "vecchia_lik_betas" "MCMC_all" 
"my_nghb" "vecchia_lik_betas" "MCMC_all" 
"vecchia_lik_betas" "MCMC_all" 
"sum" "vecchia_lik_betas" "MCMC_all" 
"vecchia_lik_betas" "MCMC_all" 
"my_nghb" "vecchia_lik_betas" "MCMC_all" 
"my_nghb" "vecchia_lik_betas" "MCMC_all" 
"tail" "my_nghb" "vecchia_lik_betas" "MCMC_all" 
"vecchia_lik_betas" "MCMC_all" 
"vecchia_lik_betas" "MCMC_all" 
"stopifnot" "sample.int" "sample" "MCMC_all" 
"my_nghb" "vecchia_lik_betas" "MCMC_all" 
"my_nghb" "vecchia_lik_betas" "MCMC_all" 
"my_nghb" "vecchia_lik_betas" "MCMC_all" 
"vecchia_lik_betas" "MCMC_all" 
"my_nghb" "vecchia_lik_betas" "MCMC_all" 
"vecchia_lik_betas" "MCMC_all" 
"all" "checkHT" "tail.default" "tail" "my_nghb" "vecchia_lik_betas" "MCMC_all" 
"my_nghb" "vecchia_lik_betas" "MCMC_all" 
"checkHT" "tail.default" "tail" "my_nghb" "vecchia_lik_betas" "MCMC_all" 
"vecchia_lik_betas" "MCMC_all" 
"my_nghb" "vecchia_lik_betas" "MCMC_all" 
"vecchia_lik_betas" "MCMC_all" 
"my_nghb" "vecchia_lik_betas" "MCMC_all" 
"my_nghb" "vecchia_lik_betas" "MCMC_all" 
"my_nghb" "vecchia_lik_betas" "MCMC_all" 
"vecchia_lik_betas" "MCMC_all" 
"vecchia_lik_betas" "MCMC_all" 
"vecchia_lik_betas" "MCMC_all" 
"my_nghb" "vecchia_lik_betas" "MCMC_all" 
"my_nghb" "vecchia_lik_betas" "MCMC_all" 
"vecchia_lik_betas" "MCMC_all" 
"vecchia_lik_betas" "MCMC_all" 
"my_nghb" "vecchia_lik_betas" "MCMC_all" 
"my_nghb" "vecchia_lik_betas" "MCMC_all" 
"my_nghb" "vecchia_lik_betas" "MCMC_all" 
"my_nghb" "vecchia_lik_betas" "MCMC_all" 
"my_nghb" "vecchia_lik_betas" "MCMC_all" 
"dinvgamma" "MCMC_all" 
"vecchia_lik_betas" "MCMC_all" 
"vecchia_lik_betas" "MCMC_all" 
"unname" "vecchia_lik_betas" "MCMC_all" 
"my_nghb" "vecchia_lik_betas" "MCMC_all" 
"my_nghb" "vecchia_lik_betas" "MCMC_all" 
"vecchia_lik_betas" "MCMC_all" 
"seq.int" "tail.default" "tail" "my_nghb" "vecchia_lik_betas" "MCMC_all" 
"tail.default" "tail" "my_nghb" "vecchia_lik_betas" "MCMC_all" 
"my_nghb" "vecchia_lik_betas" "MCMC_all" 
"my_nghb" "vecchia_lik_betas" "MCMC_all" 
"tail" "my_nghb" "vecchia_lik_betas" "MCMC_all" 
"vecchia_lik_betas" "MCMC_all" 
"my_nghb" "vecchia_lik_betas" "MCMC_all" 
"my_nghb" "vecchia_lik_betas" "MCMC_all" 
"vecchia_lik_betas" "MCMC_all" 
"vecchia_lik_betas" "MCMC_all" 
"formals" "match.arg" "order" "vecchia_lik_betas" "MCMC_all" 
"my_nghb" "vecchia_lik_betas" "MCMC_all" 
"checkHT" "tail.default" "tail" "my_nghb" "vecchia_lik_betas" "MCMC_all" 
"my_nghb" "vecchia_lik_betas" "MCMC_all" 
"vecchia_lik_betas" "MCMC_all" 
"my_nghb" "vecchia_lik_betas" "MCMC_all" 
"my_nghb" "vecchia_lik_betas" "MCMC_all" 
"min" "tail.default" "tail" "my_nghb" "vecchia_lik_betas" "MCMC_all" 
"my_nghb" "vecchia_lik_betas" "MCMC_all" 
"sum" "vecchia_lik_betas" "MCMC_all" 
"sum" "vecchia_lik_betas" "MCMC_all" 
"vecchia_lik_betas" "MCMC_all" 
"my_nghb" "vecchia_lik_betas" "MCMC_all" 
"vecchia_lik_betas" "MCMC_all" 
"my_nghb" "vecchia_lik_betas" "MCMC_all" 
"my_nghb" "vecchia_lik_betas" "MCMC_all" 
"seq.int" "tail.default" "tail" "my_nghb" "vecchia_lik_betas" "MCMC_all" 
"vapply" "order" "vecchia_lik_betas" "MCMC_all" 
"vecchia_lik_betas" "MCMC_all" 
"my_nghb" "vecchia_lik_betas" "MCMC_all" 
"my_nghb" "vecchia_lik_betas" "MCMC_all" 
"vecchia_lik_betas" "MCMC_all" 
"vecchia_lik_betas" "MCMC_all" 
"my_nghb" "vecchia_lik_betas" "MCMC_all" 
"vecchia_lik_betas" "MCMC_all" 
"my_nghb" "vecchia_lik_betas" "MCMC_all" 
"my_nghb" "vecchia_lik_betas" "MCMC_all" 
"any" "my_nghb" "vecchia_lik_betas" "MCMC_all" 
"my_nghb" "vecchia_lik_betas" "MCMC_all" 
"my_nghb" "vecchia_lik_betas" "MCMC_all" 
"vecchia_lik_betas" "MCMC_all" 
"my_nghb" "vecchia_lik_betas" "MCMC_all" 
"vecchia_lik_betas" "MCMC_all" 
"my_nghb" "vecchia_lik_betas" "MCMC_all" 
"tail" "my_nghb" "vecchia_lik_betas" "MCMC_all" 
"vecchia_lik_betas" "MCMC_all" 
"my_nghb" "vecchia_lik_betas" "MCMC_all" 
"as.matrix.dist" "as.matrix" "unname" "vecchia_lik_betas" "MCMC_all" 
"tail.default" "tail" "my_nghb" "vecchia_lik_betas" "MCMC_all" 
"tail.default" "tail" "my_nghb" "vecchia_lik_betas" "MCMC_all" 
"tail.default" "tail" "my_nghb" "vecchia_lik_betas" "MCMC_all" 
"seq.int" "tail.default" "tail" "my_nghb" "vecchia_lik_betas" "MCMC_all" 
"vecchia_lik_betas" "MCMC_all" 
"vecchia_lik_betas" "MCMC_all" 
"my_nghb" "vecchia_lik_betas" "MCMC_all" 
"tail" "my_nghb" "vecchia_lik_betas" "MCMC_all" 
"vecchia_lik_betas" "MCMC_all" 
"vecchia_lik_betas" "MCMC_all" 
"my_nghb" "vecchia_lik_betas" "MCMC_all" 
"my_nghb" "vecchia_lik_betas" "MCMC_all" 
"vecchia_lik_betas" "MCMC_all" 
"my_nghb" "vecchia_lik_betas" "MCMC_all" 
"my_nghb" "vecchia_lik_betas" "MCMC_all" 
"my_nghb" "vecchia_lik_betas" "MCMC_all" 
"vecchia_lik_betas" "MCMC_all" 
"my_nghb" "vecchia_lik_betas" "MCMC_all" 
"my_nghb" "vecchia_lik_betas" "MCMC_all" 
"vecchia_lik_betas" "MCMC_all" 
"my_nghb" "vecchia_lik_betas" "MCMC_all" 
"vecchia_lik_betas" "MCMC_all" 
"vecchia_lik_betas" "MCMC_all" 
"vecchia_lik_betas" "MCMC_all" 
"my_nghb" "vecchia_lik_betas" "MCMC_all" 
"my_nghb" "vecchia_lik_betas" "MCMC_all" 
"my_nghb" "vecchia_lik_betas" "MCMC_all" 
"as.matrix.dist" "as.matrix" "unname" "vecchia_lik_betas" "MCMC_all" 
"my_nghb" "vecchia_lik_betas" "MCMC_all" 
"my_nghb" "vecchia_lik_betas" "MCMC_all" 
"my_nghb" "vecchia_lik_betas" "MCMC_all" 
"vecchia_lik_betas" "MCMC_all" 
"vecchia_lik_betas" "MCMC_all" 
"my_nghb" "vecchia_lik_betas" "MCMC_all" 
"MCMC_all" 
"my_nghb" "vecchia_lik_betas" "MCMC_all" 
"my_nghb" "vecchia_lik_betas" "MCMC_all" 
"vecchia_lik_betas" "MCMC_all" 
"my_nghb" "vecchia_lik_betas" "MCMC_all" 
"vecchia_lik_betas" "MCMC_all" 
"my_nghb" "vecchia_lik_betas" "MCMC_all" 
"my_nghb" "vecchia_lik_betas" "MCMC_all" 
"my_nghb" "vecchia_lik_betas" "MCMC_all" 
"any" "my_nghb" "vecchia_lik_betas" "MCMC_all" 
"vecchia_lik_betas" "MCMC_all" 
"vecchia_lik_betas" "MCMC_all" 
"my_nghb" "vecchia_lik_betas" "MCMC_all" 
"tail" "my_nghb" "vecchia_lik_betas" "MCMC_all" 
"sum" "vecchia_lik_betas" "MCMC_all" 
"tail.default" "tail" "my_nghb" "vecchia_lik_betas" "MCMC_all" 
"sum" "vecchia_lik_betas" "MCMC_all" 
"my_nghb" "vecchia_lik_betas" "MCMC_all" 
"vapply" "order" "vecchia_lik_betas" "MCMC_all" 
"my_nghb" "vecchia_lik_betas" "MCMC_all" 
"vecchia_lik_betas" "MCMC_all" 
"vecchia_lik_betas" "MCMC_all" 
"vecchia_lik_betas" "MCMC_all" 
"vecchia_lik_betas" "MCMC_all" 
"my_nghb" "vecchia_lik_betas" "MCMC_all" 
"my_nghb" "vecchia_lik_betas" "MCMC_all" 
"my_nghb" "vecchia_lik_betas" "MCMC_all" 
"sum" "vecchia_lik_betas" "MCMC_all" 
"my_nghb" "vecchia_lik_betas" "MCMC_all" 
"my_nghb" "vecchia_lik_betas" "MCMC_all" 
"vecchia_lik_betas" "MCMC_all" 
"tail.default" "tail" "my_nghb" "vecchia_lik_betas" "MCMC_all" 
"my_nghb" "vecchia_lik_betas" "MCMC_all" 
"tail.default" "tail" "my_nghb" "vecchia_lik_betas" "MCMC_all" 
"vecchia_lik_betas" "MCMC_all" 
"my_nghb" "vecchia_lik_betas" "MCMC_all" 
"vecchia_lik_betas" "MCMC_all" 
"tail" "my_nghb" "vecchia_lik_betas" "MCMC_all" 
"my_nghb" "vecchia_lik_betas" "MCMC_all" 
"vecchia_lik_betas" "MCMC_all" 
"my_nghb" "vecchia_lik_betas" "MCMC_all" 
"my_nghb" "vecchia_lik_betas" "MCMC_all" 
"all" "checkHT" "tail.default" "tail" "my_nghb" "vecchia_lik_betas" "MCMC_all" 
"my_nghb" "vecchia_lik_betas" "MCMC_all" 
"as.matrix.dist" "as.matrix" "unname" "vecchia_lik_betas" "MCMC_all" 
"vecchia_lik_betas" "MCMC_all" 
"my_nghb" "vecchia_lik_betas" "MCMC_all" 
"my_nghb" "vecchia_lik_betas" "MCMC_all" 
"my_nghb" "vecchia_lik_betas" "MCMC_all" 
"as.matrix.dist" "as.matrix" "unname" "vecchia_lik_betas" "MCMC_all" 
"my_nghb" "vecchia_lik_betas" "MCMC_all" 
"vecchia_lik_betas" "MCMC_all" 
"vecchia_lik_betas" "MCMC_all" 
"vecchia_lik_betas" "MCMC_all" 
"vecchia_lik_betas" "MCMC_all" 
"seq.int" "tail.default" "tail" "my_nghb" "vecchia_lik_betas" "MCMC_all" 
"my_nghb" "vecchia_lik_betas" "MCMC_all" 
"my_nghb" "vecchia_lik_betas" "MCMC_all" 
"my_nghb" "vecchia_lik_betas" "MCMC_all" 
"length" "checkHT" "tail.default" "tail" "my_nghb" "vecchia_lik_betas" "MCMC_all" 
"any" "my_nghb" "vecchia_lik_betas" "MCMC_all" 
"my_nghb" "vecchia_lik_betas" "MCMC_all" 
"tail.default" "tail" "my_nghb" "vecchia_lik_betas" "MCMC_all" 
"checkHT" "tail.default" "tail" "my_nghb" "vecchia_lik_betas" "MCMC_all" 
"tail" "my_nghb" "vecchia_lik_betas" "MCMC_all" 
"my_nghb" "vecchia_lik_betas" "MCMC_all" 
"t.default" "t" "as.matrix.dist" "as.matrix" "unname" "vecchia_lik_betas" "MCMC_all" 
"vecchia_lik_betas" "MCMC_all" 
"vecchia_lik_betas" "MCMC_all" 
"vecchia_lik_betas" "MCMC_all" 
"vecchia_lik_betas" "MCMC_all" 
"vecchia_lik_betas" "MCMC_all" 
"vecchia_lik_betas" "MCMC_all" 
"my_nghb" "vecchia_lik_betas" "MCMC_all" 
"any" "my_nghb" "vecchia_lik_betas" "MCMC_all" 
"vapply" "order" "vecchia_lik_betas" "MCMC_all" 
"my_nghb" "vecchia_lik_betas" "MCMC_all" 
"my_nghb" "vecchia_lik_betas" "MCMC_all" 
"vecchia_lik_betas" "MCMC_all" 
"my_nghb" "vecchia_lik_betas" "MCMC_all" 
"vecchia_lik_betas" "MCMC_all" 
"my_nghb" "vecchia_lik_betas" "MCMC_all" 
"checkHT" "tail.default" "tail" "my_nghb" "vecchia_lik_betas" "MCMC_all" 
"checkHT" "tail.default" "tail" "my_nghb" "vecchia_lik_betas" "MCMC_all" 
"checkHT" "tail.default" "tail" "my_nghb" "vecchia_lik_betas" "MCMC_all" 
"tail" "my_nghb" "vecchia_lik_betas" "MCMC_all" 
"tail.default" "tail" "my_nghb" "vecchia_lik_betas" "MCMC_all" 
"seq.int" "tail.default" "tail" "my_nghb" "vecchia_lik_betas" "MCMC_all" 
"tail.default" "tail" "my_nghb" "vecchia_lik_betas" "MCMC_all" 
"my_nghb" "vecchia_lik_betas" "MCMC_all" 
"vecchia_lik_betas" "MCMC_all" 
"my_nghb" "vecchia_lik_betas" "MCMC_all" 
"min" "tail.default" "tail" "my_nghb" "vecchia_lik_betas" "MCMC_all" 
"checkHT" "tail.default" "tail" "my_nghb" "vecchia_lik_betas" "MCMC_all" 
"my_nghb" "vecchia_lik_betas" "MCMC_all" 
"vecchia_lik_betas" "MCMC_all" 
"my_nghb" "vecchia_lik_betas" "MCMC_all" 
"my_nghb" "vecchia_lik_betas" "MCMC_all" 
"my_nghb" "vecchia_lik_betas" "MCMC_all" 
"tail" "my_nghb" "vecchia_lik_betas" "MCMC_all" 
"checkHT" "tail.default" "tail" "my_nghb" "vecchia_lik_betas" "MCMC_all" 
"my_nghb" "vecchia_lik_betas" "MCMC_all" 
"vecchia_lik_betas" "MCMC_all" 
"tail.default" "tail" "my_nghb" "vecchia_lik_betas" "MCMC_all" 
"dist" "as.matrix" "unname" "vecchia_lik_betas" "MCMC_all" 
"my_nghb" "vecchia_lik_betas" "MCMC_all" 
"tail" "my_nghb" "vecchia_lik_betas" "MCMC_all" 
"my_nghb" "vecchia_lik_betas" "MCMC_all" 
"invisible" "checkHT" "tail.default" "tail" "my_nghb" "vecchia_lik_betas" "MCMC_all" 
"tail" "my_nghb" "vecchia_lik_betas" "MCMC_all" 
"my_nghb" "vecchia_lik_betas" "MCMC_all" 
"my_nghb" "vecchia_lik_betas" "MCMC_all" 
"vecchia_lik_betas" "MCMC_all" 
"vecchia_lik_betas" "MCMC_all" 
"tail.default" "tail" "my_nghb" "vecchia_lik_betas" "MCMC_all" 
"tail.default" "tail" "my_nghb" "vecchia_lik_betas" "MCMC_all" 
"vecchia_lik_betas" "MCMC_all" 
"vecchia_lik_betas" "MCMC_all" 
"order" "vecchia_lik_betas" "MCMC_all" 
"length" "tail.default" "tail" "my_nghb" "vecchia_lik_betas" "MCMC_all" 
"my_nghb" "vecchia_lik_betas" "MCMC_all" 
"vecchia_lik_betas" "MCMC_all" 
"my_nghb" "vecchia_lik_betas" "MCMC_all" 
"vecchia_lik_betas" "MCMC_all" 
"sum" "vecchia_lik_betas" "MCMC_all" 
"matrix" "as.matrix.dist" "as.matrix" "unname" "vecchia_lik_betas" "MCMC_all" 
"any" "my_nghb" "vecchia_lik_betas" "MCMC_all" 
"vecchia_lik_betas" "MCMC_all" 
"vecchia_lik_betas" "MCMC_all" 
"min" "tail.default" "tail" "my_nghb" "vecchia_lik_betas" "MCMC_all" 
"dinvgamma" "MCMC_all" 
"c" "my_nghb" "vecchia_lik_betas" "MCMC_all" 
"my_nghb" "vecchia_lik_betas" "MCMC_all" 
"as.matrix" "dist" "as.matrix" "unname" "vecchia_lik_betas" "MCMC_all" 
"my_nghb" "vecchia_lik_betas" "MCMC_all" 
"my_nghb" "vecchia_lik_betas" "MCMC_all" 
"my_nghb" "vecchia_lik_betas" "MCMC_all" 
"tail.default" "tail" "my_nghb" "vecchia_lik_betas" "MCMC_all" 
"vecchia_lik_betas" "MCMC_all" 
"tail" "my_nghb" "vecchia_lik_betas" "MCMC_all" 
"vecchia_lik_betas" "MCMC_all" 
"my_nghb" "vecchia_lik_betas" "MCMC_all" 
"my_nghb" "vecchia_lik_betas" "MCMC_all" 
"my_nghb" "vecchia_lik_betas" "MCMC_all" 
"my_nghb" "vecchia_lik_betas" "MCMC_all" 
"vecchia_lik_betas" "MCMC_all" 
"vecchia_lik_betas" "MCMC_all" 
"my_nghb" "vecchia_lik_betas" "MCMC_all" 
"vecchia_lik_betas" "MCMC_all" 
"my_nghb" "vecchia_lik_betas" "MCMC_all" 
"vecchia_lik_betas" "MCMC_all" 
"my_nghb" "vecchia_lik_betas" "MCMC_all" 
"my_nghb" "vecchia_lik_betas" "MCMC_all" 
"vecchia_lik_betas" "MCMC_all" 
"vecchia_lik_betas" "MCMC_all" 
"my_nghb" "vecchia_lik_betas" "MCMC_all" 
"my_nghb" "vecchia_lik_betas" "MCMC_all" 
"as.matrix" "unname" "vecchia_lik_betas" "MCMC_all" 
"vecchia_lik_betas" "MCMC_all" 
"any" "my_nghb" "vecchia_lik_betas" "MCMC_all" 
"tail.default" "tail" "my_nghb" "vecchia_lik_betas" "MCMC_all" 
"vecchia_lik_betas" "MCMC_all" 
"dist" "as.matrix" "unname" "vecchia_lik_betas" "MCMC_all" 
"vecchia_lik_betas" "MCMC_all" 
"my_nghb" "vecchia_lik_betas" "MCMC_all" 
"my_nghb" "vecchia_lik_betas" "MCMC_all" 
"tail" "my_nghb" "vecchia_lik_betas" "MCMC_all" 
"vecchia_lik_betas" "MCMC_all" 
"my_nghb" "vecchia_lik_betas" "MCMC_all" 
"tail" "my_nghb" "vecchia_lik_betas" "MCMC_all" 
"vecchia_lik_betas" "MCMC_all" 
"vecchia_lik_betas" "MCMC_all" 
"vecchia_lik_betas" "MCMC_all" 
"my_nghb" "vecchia_lik_betas" "MCMC_all" 
"my_nghb" "vecchia_lik_betas" "MCMC_all" 
"all" "checkHT" "tail.default" "tail" "my_nghb" "vecchia_lik_betas" "MCMC_all" 
"vecchia_lik_betas" "MCMC_all" 
"my_nghb" "vecchia_lik_betas" "MCMC_all" 
"any" "my_nghb" "vecchia_lik_betas" "MCMC_all" 
"rnorm" "MCMC_all" 
"my_nghb" "vecchia_lik_betas" "MCMC_all" 
"my_nghb" "vecchia_lik_betas" "MCMC_all" 
"vecchia_lik_betas" "MCMC_all" 
"vecchia_lik_betas" "MCMC_all" 
"my_nghb" "vecchia_lik_betas" "MCMC_all" 
"vecchia_lik_betas" "MCMC_all" 
"my_nghb" "vecchia_lik_betas" "MCMC_all" 
"my_nghb" "vecchia_lik_betas" "MCMC_all" 
"any" "my_nghb" "vecchia_lik_betas" "MCMC_all" 
"my_nghb" "vecchia_lik_betas" "MCMC_all" 
"vecchia_lik_betas" "MCMC_all" 
"my_nghb" "vecchia_lik_betas" "MCMC_all" 
"vecchia_lik_betas" "MCMC_all" 
"vecchia_lik_betas" "MCMC_all" 
"vecchia_lik_betas" "MCMC_all" 
"my_nghb" "vecchia_lik_betas" "MCMC_all" 
"vecchia_lik_betas" "MCMC_all" 
"my_nghb" "vecchia_lik_betas" "MCMC_all" 
"my_nghb" "vecchia_lik_betas" "MCMC_all" 
"my_nghb" "vecchia_lik_betas" "MCMC_all" 
"my_nghb" "vecchia_lik_betas" "MCMC_all" 
"my_nghb" "vecchia_lik_betas" "MCMC_all" 
"t.default" "t" "as.matrix.dist" "as.matrix" "unname" "vecchia_lik_betas" "MCMC_all" 
"tail.default" "tail" "my_nghb" "vecchia_lik_betas" "MCMC_all" 
"my_nghb" "vecchia_lik_betas" "MCMC_all" 
"my_nghb" "vecchia_lik_betas" "MCMC_all" 
"any" "my_nghb" "vecchia_lik_betas" "MCMC_all" 
"vecchia_lik_betas" "MCMC_all" 
"my_nghb" "vecchia_lik_betas" "MCMC_all" 
"my_nghb" "vecchia_lik_betas" "MCMC_all" 
"my_nghb" "vecchia_lik_betas" "MCMC_all" 
"tail.default" "tail" "my_nghb" "vecchia_lik_betas" "MCMC_all" 
"vecchia_lik_betas" "MCMC_all" 
"my_nghb" "vecchia_lik_betas" "MCMC_all" 
"vecchia_lik_betas" "MCMC_all" 
"my_nghb" "vecchia_lik_betas" "MCMC_all" 
"vecchia_lik_betas" "MCMC_all" 
"tail" "my_nghb" "vecchia_lik_betas" "MCMC_all" 
"seq.int" "tail.default" "tail" "my_nghb" "vecchia_lik_betas" "MCMC_all" 
"my_nghb" "vecchia_lik_betas" "MCMC_all" 
"vecchia_lik_betas" "MCMC_all" 
"my_nghb" "vecchia_lik_betas" "MCMC_all" 
"my_nghb" "vecchia_lik_betas" "MCMC_all" 
"vecchia_lik_betas" "MCMC_all" 
"my_nghb" "vecchia_lik_betas" "MCMC_all" 
"tail" "my_nghb" "vecchia_lik_betas" "MCMC_all" 
"min" "tail.default" "tail" "my_nghb" "vecchia_lik_betas" "MCMC_all" 
"my_nghb" "vecchia_lik_betas" "MCMC_all" 
"my_nghb" "vecchia_lik_betas" "MCMC_all" 
"my_nghb" "vecchia_lik_betas" "MCMC_all" 
"my_nghb" "vecchia_lik_betas" "MCMC_all" 
"my_nghb" "vecchia_lik_betas" "MCMC_all" 
"my_nghb" "vecchia_lik_betas" "MCMC_all" 
"my_nghb" "vecchia_lik_betas" "MCMC_all" 
"sum" "vecchia_lik_betas" "MCMC_all" 
"as.matrix.dist" "as.matrix" "unname" "vecchia_lik_betas" "MCMC_all" 
"my_nghb" "vecchia_lik_betas" "MCMC_all" 
"sum" "vecchia_lik_betas" "MCMC_all" 
"tail.default" "tail" "my_nghb" "vecchia_lik_betas" "MCMC_all" 
"my_nghb" "vecchia_lik_betas" "MCMC_all" 
"vecchia_lik_betas" "MCMC_all" 
"my_nghb" "vecchia_lik_betas" "MCMC_all" 
"vecchia_lik_betas" "MCMC_all" 
"my_nghb" "vecchia_lik_betas" "MCMC_all" 
"my_nghb" "vecchia_lik_betas" "MCMC_all" 
"my_nghb" "vecchia_lik_betas" "MCMC_all" 
"tail" "my_nghb" "vecchia_lik_betas" "MCMC_all" 
"tail" "my_nghb" "vecchia_lik_betas" "MCMC_all" 
"my_nghb" "vecchia_lik_betas" "MCMC_all" 
"tail" "my_nghb" "vecchia_lik_betas" "MCMC_all" 
"vecchia_lik_betas" "MCMC_all" 
"tail" "my_nghb" "vecchia_lik_betas" "MCMC_all" 
"vecchia_lik_betas" "MCMC_all" 
"vecchia_lik_betas" "MCMC_all" 
"my_nghb" "vecchia_lik_betas" "MCMC_all" 
"my_nghb" "vecchia_lik_betas" "MCMC_all" 
"vecchia_lik_betas" "MCMC_all" 
"my_nghb" "vecchia_lik_betas" "MCMC_all" 
"t.default" "t" "as.matrix.dist" "as.matrix" "unname" "vecchia_lik_betas" "MCMC_all" 
"my_nghb" "vecchia_lik_betas" "MCMC_all" 
"tail" "my_nghb" "vecchia_lik_betas" "MCMC_all" 
"my_nghb" "vecchia_lik_betas" "MCMC_all" 
"my_nghb" "vecchia_lik_betas" "MCMC_all" 
"my_nghb" "vecchia_lik_betas" "MCMC_all" 
"my_nghb" "vecchia_lik_betas" "MCMC_all" 
"my_nghb" "vecchia_lik_betas" "MCMC_all" 
"my_nghb" "vecchia_lik_betas" "MCMC_all" 
"vecchia_lik_betas" "MCMC_all" 
"vecchia_lik_betas" "MCMC_all" 
"my_nghb" "vecchia_lik_betas" "MCMC_all" 
"my_nghb" "vecchia_lik_betas" "MCMC_all" 
"my_nghb" "vecchia_lik_betas" "MCMC_all" 
"vecchia_lik_betas" "MCMC_all" 
"checkHT" "tail.default" "tail" "my_nghb" "vecchia_lik_betas" "MCMC_all" 
"tail" "my_nghb" "vecchia_lik_betas" "MCMC_all" 
"vecchia_lik_betas" "MCMC_all" 
"vecchia_lik_betas" "MCMC_all" 
"my_nghb" "vecchia_lik_betas" "MCMC_all" 
"MCMC_all" 
"vecchia_lik_betas" "MCMC_all" 
"tail.default" "tail" "my_nghb" "vecchia_lik_betas" "MCMC_all" 
"my_nghb" "vecchia_lik_betas" "MCMC_all" 
"my_nghb" "vecchia_lik_betas" "MCMC_all" 
"my_nghb" "vecchia_lik_betas" "MCMC_all" 
"vecchia_lik_betas" "MCMC_all" 
"my_nghb" "vecchia_lik_betas" "MCMC_all" 
"my_nghb" "vecchia_lik_betas" "MCMC_all" 
"my_nghb" "vecchia_lik_betas" "MCMC_all" 
"vecchia_lik_betas" "MCMC_all" 
"vecchia_lik_betas" "MCMC_all" 
"my_nghb" "vecchia_lik_betas" "MCMC_all" 
"vecchia_lik_betas" "MCMC_all" 
"my_nghb" "vecchia_lik_betas" "MCMC_all" 
"my_nghb" "vecchia_lik_betas" "MCMC_all" 
"my_nghb" "vecchia_lik_betas" "MCMC_all" 
"vecchia_lik_betas" "MCMC_all" 
"sum" "vecchia_lik_betas" "MCMC_all" 
"my_nghb" "vecchia_lik_betas" "MCMC_all" 
"my_nghb" "vecchia_lik_betas" "MCMC_all" 
"seq.int" "tail.default" "tail" "my_nghb" "vecchia_lik_betas" "MCMC_all" 
"vecchia_lik_betas" "MCMC_all" 
"vecchia_lik_betas" "MCMC_all" 
"my_nghb" "vecchia_lik_betas" "MCMC_all" 
"my_nghb" "vecchia_lik_betas" "MCMC_all" 
"my_nghb" "vecchia_lik_betas" "MCMC_all" 
"my_nghb" "vecchia_lik_betas" "MCMC_all" 
"my_nghb" "vecchia_lik_betas" "MCMC_all" 
"my_nghb" "vecchia_lik_betas" "MCMC_all" 
"my_nghb" "vecchia_lik_betas" "MCMC_all" 
"my_nghb" "vecchia_lik_betas" "MCMC_all" 
"vecchia_lik_betas" "MCMC_all" 
"my_nghb" "vecchia_lik_betas" "MCMC_all" 
"vecchia_lik_betas" "MCMC_all" 
"vecchia_lik_betas" "MCMC_all" 
"vecchia_lik_betas" "MCMC_all" 
"vecchia_lik_betas" "MCMC_all" 
"checkHT" "tail.default" "tail" "my_nghb" "vecchia_lik_betas" "MCMC_all" 
"my_nghb" "vecchia_lik_betas" "MCMC_all" 
"dist" "as.matrix" "unname" "vecchia_lik_betas" "MCMC_all" 
"order" "vecchia_lik_betas" "MCMC_all" 
"my_nghb" "vecchia_lik_betas" "MCMC_all" 
"as.matrix.dist" "as.matrix" "unname" "vecchia_lik_betas" "MCMC_all" 
"vecchia_lik_betas" "MCMC_all" 
"tail.default" "tail" "my_nghb" "vecchia_lik_betas" "MCMC_all" 
"tail.default" "tail" "my_nghb" "vecchia_lik_betas" "MCMC_all" 
"tail.default" "tail" "my_nghb" "vecchia_lik_betas" "MCMC_all" 
"vecchia_lik_betas" "MCMC_all" 
"as.matrix.dist" "as.matrix" "unname" "vecchia_lik_betas" "MCMC_all" 
"any" "my_nghb" "vecchia_lik_betas" "MCMC_all" 
"vecchia_lik_betas" "MCMC_all" 
"my_nghb" "vecchia_lik_betas" "MCMC_all" 
"my_nghb" "vecchia_lik_betas" "MCMC_all" 
"my_nghb" "vecchia_lik_betas" "MCMC_all" 
"my_nghb" "vecchia_lik_betas" "MCMC_all" 
"vecchia_lik_betas" "MCMC_all" 
"my_nghb" "vecchia_lik_betas" "MCMC_all" 
"my_nghb" "vecchia_lik_betas" "MCMC_all" 
"vecchia_lik_betas" "MCMC_all" 
"my_nghb" "vecchia_lik_betas" "MCMC_all" 
"my_nghb" "vecchia_lik_betas" "MCMC_all" 
"my_nghb" "vecchia_lik_betas" "MCMC_all" 
"my_nghb" "vecchia_lik_betas" "MCMC_all" 
"dist" "as.matrix" "unname" "vecchia_lik_betas" "MCMC_all" 
"MCMC_all" 
"vecchia_lik_betas" "MCMC_all" 
"vecchia_lik_betas" "MCMC_all" 
"my_nghb" "vecchia_lik_betas" "MCMC_all" 
"my_nghb" "vecchia_lik_betas" "MCMC_all" 
"checkHT" "tail.default" "tail" "my_nghb" "vecchia_lik_betas" "MCMC_all" 
"tail" "my_nghb" "vecchia_lik_betas" "MCMC_all" 
"vecchia_lik_betas" "MCMC_all" 
"my_nghb" "vecchia_lik_betas" "MCMC_all" 
"vecchia_lik_betas" "MCMC_all" 
"vecchia_lik_betas" "MCMC_all" 
"my_nghb" "vecchia_lik_betas" "MCMC_all" 
"vecchia_lik_betas" "MCMC_all" 
"tail" "my_nghb" "vecchia_lik_betas" "MCMC_all" 
"my_nghb" "vecchia_lik_betas" "MCMC_all" 
"my_nghb" "vecchia_lik_betas" "MCMC_all" 
"vecchia_lik_betas" "MCMC_all" 
"match.arg" "order" "vecchia_lik_betas" "MCMC_all" 
"my_nghb" "vecchia_lik_betas" "MCMC_all" 
"tail" "my_nghb" "vecchia_lik_betas" "MCMC_all" 
"my_nghb" "vecchia_lik_betas" "MCMC_all" 
"my_nghb" "vecchia_lik_betas" "MCMC_all" 
"my_nghb" "vecchia_lik_betas" "MCMC_all" 
"my_nghb" "vecchia_lik_betas" "MCMC_all" 
"my_nghb" "vecchia_lik_betas" "MCMC_all" 
"tail" "my_nghb" "vecchia_lik_betas" "MCMC_all" 
"vecchia_lik_betas" "MCMC_all" 
"as.matrix.dist" "as.matrix" "unname" "vecchia_lik_betas" "MCMC_all" 
"vecchia_lik_betas" "MCMC_all" 
"my_nghb" "vecchia_lik_betas" "MCMC_all" 
"as.matrix.dist" "as.matrix" "unname" "vecchia_lik_betas" "MCMC_all" 
"tail" "my_nghb" "vecchia_lik_betas" "MCMC_all" 
"my_nghb" "vecchia_lik_betas" "MCMC_all" 
"row" "as.matrix.dist" "as.matrix" "unname" "vecchia_lik_betas" "MCMC_all" 
"my_nghb" "vecchia_lik_betas" "MCMC_all" 
"my_nghb" "vecchia_lik_betas" "MCMC_all" 
"my_nghb" "vecchia_lik_betas" "MCMC_all" 
"vecchia_lik_betas" "MCMC_all" 
"tail.default" "tail" "my_nghb" "vecchia_lik_betas" "MCMC_all" 
"as.matrix.dist" "as.matrix" "unname" "vecchia_lik_betas" "MCMC_all" 
"my_nghb" "vecchia_lik_betas" "MCMC_all" 
"vecchia_lik_betas" "MCMC_all" 
"vecchia_lik_betas" "MCMC_all" 
"vecchia_lik_betas" "MCMC_all" 
"vecchia_lik_betas" "MCMC_all" 
"vecchia_lik_betas" "MCMC_all" 
"any" "my_nghb" "vecchia_lik_betas" "MCMC_all" 
"any" "my_nghb" "vecchia_lik_betas" "MCMC_all" 
"vecchia_lik_betas" "MCMC_all" 
"checkHT" "tail.default" "tail" "my_nghb" "vecchia_lik_betas" "MCMC_all" 
"tail.default" "tail" "my_nghb" "vecchia_lik_betas" "MCMC_all" 
"vecchia_lik_betas" "MCMC_all" 
"vecchia_lik_betas" "MCMC_all" 
"vecchia_lik_betas" "MCMC_all" 
"my_nghb" "vecchia_lik_betas" "MCMC_all" 
"my_nghb" "vecchia_lik_betas" "MCMC_all" 
"tail" "my_nghb" "vecchia_lik_betas" "MCMC_all" 
"vecchia_lik_betas" "MCMC_all" 
"dist" "as.matrix" "unname" "vecchia_lik_betas" "MCMC_all" 
"my_nghb" "vecchia_lik_betas" "MCMC_all" 
"vecchia_lik_betas" "MCMC_all" 
"vecchia_lik_betas" "MCMC_all" 
"vecchia_lik_betas" "MCMC_all" 
"vecchia_lik_betas" "MCMC_all" 
"as.matrix.dist" "as.matrix" "unname" "vecchia_lik_betas" "MCMC_all" 
"any" "my_nghb" "vecchia_lik_betas" "MCMC_all" 
"my_nghb" "vecchia_lik_betas" "MCMC_all" 
"my_nghb" "vecchia_lik_betas" "MCMC_all" 
"my_nghb" "vecchia_lik_betas" "MCMC_all" 
"vecchia_lik_betas" "MCMC_all" 
"my_nghb" "vecchia_lik_betas" "MCMC_all" 
"vecchia_lik_betas" "MCMC_all" 
"tail" "my_nghb" "vecchia_lik_betas" "MCMC_all" 
"all" "checkHT" "tail.default" "tail" "my_nghb" "vecchia_lik_betas" "MCMC_all" 
"c" "my_nghb" "vecchia_lik_betas" "MCMC_all" 
"my_nghb" "vecchia_lik_betas" "MCMC_all" 
"my_nghb" "vecchia_lik_betas" "MCMC_all" 
"vecchia_lik_betas" "MCMC_all" 
"my_nghb" "vecchia_lik_betas" "MCMC_all" 
"my_nghb" "vecchia_lik_betas" "MCMC_all" 
"my_nghb" "vecchia_lik_betas" "MCMC_all" 
"my_nghb" "vecchia_lik_betas" "MCMC_all" 
"vecchia_lik_betas" "MCMC_all" 
"my_nghb" "vecchia_lik_betas" "MCMC_all" 
"vecchia_lik_betas" "MCMC_all" 
"my_nghb" "vecchia_lik_betas" "MCMC_all" 
"tail" "my_nghb" "vecchia_lik_betas" "MCMC_all" 
"tail.default" "tail" "my_nghb" "vecchia_lik_betas" "MCMC_all" 
"my_nghb" "vecchia_lik_betas" "MCMC_all" 
"vecchia_lik_betas" "MCMC_all" 
"tail" "my_nghb" "vecchia_lik_betas" "MCMC_all" 
"vecchia_lik_betas" "MCMC_all" 
"my_nghb" "vecchia_lik_betas" "MCMC_all" 
"my_nghb" "vecchia_lik_betas" "MCMC_all" 
"any" "my_nghb" "vecchia_lik_betas" "MCMC_all" 
"vecchia_lik_betas" "MCMC_all" 
"tail" "my_nghb" "vecchia_lik_betas" "MCMC_all" 
"min" "tail.default" "tail" "my_nghb" "vecchia_lik_betas" "MCMC_all" 
"vecchia_lik_betas" "MCMC_all" 
"checkHT" "tail.default" "tail" "my_nghb" "vecchia_lik_betas" "MCMC_all" 
"my_nghb" "vecchia_lik_betas" "MCMC_all" 
"vecchia_lik_betas" "MCMC_all" 
"my_nghb" "vecchia_lik_betas" "MCMC_all" 
"my_nghb" "vecchia_lik_betas" "MCMC_all" 
"my_nghb" "vecchia_lik_betas" "MCMC_all" 
"row" "as.matrix.dist" "as.matrix" "unname" "vecchia_lik_betas" "MCMC_all" 
"my_nghb" "vecchia_lik_betas" "MCMC_all" 
"vecchia_lik_betas" "MCMC_all" 
"vecchia_lik_betas" "MCMC_all" 
"vecchia_lik_betas" "MCMC_all" 
"my_nghb" "vecchia_lik_betas" "MCMC_all" 
"my_nghb" "vecchia_lik_betas" "MCMC_all" 
"vecchia_lik_betas" "MCMC_all" 
"my_nghb" "vecchia_lik_betas" "MCMC_all" 
"my_nghb" "vecchia_lik_betas" "MCMC_all" 
"dist" "as.matrix" "unname" "vecchia_lik_betas" "MCMC_all" 
"my_nghb" "vecchia_lik_betas" "MCMC_all" 
"my_nghb" "vecchia_lik_betas" "MCMC_all" 
"vecchia_lik_betas" "MCMC_all" 
"my_nghb" "vecchia_lik_betas" "MCMC_all" 
"my_nghb" "vecchia_lik_betas" "MCMC_all" 
"tail.default" "tail" "my_nghb" "vecchia_lik_betas" "MCMC_all" 
"vecchia_lik_betas" "MCMC_all" 
"my_nghb" "vecchia_lik_betas" "MCMC_all" 
"all" "checkHT" "tail.default" "tail" "my_nghb" "vecchia_lik_betas" "MCMC_all" 
"order" "vecchia_lik_betas" "MCMC_all" 
"my_nghb" "vecchia_lik_betas" "MCMC_all" 
"my_nghb" "vecchia_lik_betas" "MCMC_all" 
"seq.int" "tail.default" "tail" "my_nghb" "vecchia_lik_betas" "MCMC_all" 
"my_nghb" "vecchia_lik_betas" "MCMC_all" 
"vecchia_lik_betas" "MCMC_all" 
"vecchia_lik_betas" "MCMC_all" 
"rnorm" "MCMC_all" 
"any" "my_nghb" "vecchia_lik_betas" "MCMC_all" 
"my_nghb" "vecchia_lik_betas" "MCMC_all" 
"vecchia_lik_betas" "MCMC_all" 
"vecchia_lik_betas" "MCMC_all" 
"vecchia_lik_betas" "MCMC_all" 
"my_nghb" "vecchia_lik_betas" "MCMC_all" 
"sum" "vecchia_lik_betas" "MCMC_all" 
"tail.default" "tail" "my_nghb" "vecchia_lik_betas" "MCMC_all" 
"my_nghb" "vecchia_lik_betas" "MCMC_all" 
"checkHT" "tail.default" "tail" "my_nghb" "vecchia_lik_betas" "MCMC_all" 
"vecchia_lik_betas" "MCMC_all" 
"my_nghb" "vecchia_lik_betas" "MCMC_all" 
"vecchia_lik_betas" "MCMC_all" 
"my_nghb" "vecchia_lik_betas" "MCMC_all" 
"row" "as.matrix.dist" "as.matrix" "unname" "vecchia_lik_betas" "MCMC_all" 
"my_nghb" "vecchia_lik_betas" "MCMC_all" 
"vapply" "order" "vecchia_lik_betas" "MCMC_all" 
"my_nghb" "vecchia_lik_betas" "MCMC_all" 
"my_nghb" "vecchia_lik_betas" "MCMC_all" 
"my_nghb" "vecchia_lik_betas" "MCMC_all" 
"vecchia_lik_betas" "MCMC_all" 
"vecchia_lik_betas" "MCMC_all" 
"my_nghb" "vecchia_lik_betas" "MCMC_all" 
"my_nghb" "vecchia_lik_betas" "MCMC_all" 
"my_nghb" "vecchia_lik_betas" "MCMC_all" 
"tail" "my_nghb" "vecchia_lik_betas" "MCMC_all" 
"vecchia_lik_betas" "MCMC_all" 
"tail" "my_nghb" "vecchia_lik_betas" "MCMC_all" 
"my_nghb" "vecchia_lik_betas" "MCMC_all" 
"vecchia_lik_betas" "MCMC_all" 
"vecchia_lik_betas" "MCMC_all" 
"vecchia_lik_betas" "MCMC_all" 
"vecchia_lik_betas" "MCMC_all" 
"vecchia_lik_betas" "MCMC_all" 
"tail" "my_nghb" "vecchia_lik_betas" "MCMC_all" 
"any" "my_nghb" "vecchia_lik_betas" "MCMC_all" 
"my_nghb" "vecchia_lik_betas" "MCMC_all" 
"my_nghb" "vecchia_lik_betas" "MCMC_all" 
"vecchia_lik_betas" "MCMC_all" 
"my_nghb" "vecchia_lik_betas" "MCMC_all" 
"tail" "my_nghb" "vecchia_lik_betas" "MCMC_all" 
"as.matrix.dist" "as.matrix" "unname" "vecchia_lik_betas" "MCMC_all" 
"my_nghb" "vecchia_lik_betas" "MCMC_all" 
"vecchia_lik_betas" "MCMC_all" 
"vecchia_lik_betas" "MCMC_all" 
"vecchia_lik_betas" "MCMC_all" 
"my_nghb" "vecchia_lik_betas" "MCMC_all" 
"vecchia_lik_betas" "MCMC_all" 
"is.na" "checkHT" "tail.default" "tail" "my_nghb" "vecchia_lik_betas" "MCMC_all" 
"dgamma" "dinvgamma" "MCMC_all" 
"my_nghb" "vecchia_lik_betas" "MCMC_all" 
"as.matrix.dist" "as.matrix" "unname" "vecchia_lik_betas" "MCMC_all" 
"my_nghb" "vecchia_lik_betas" "MCMC_all" 
"my_nghb" "vecchia_lik_betas" "MCMC_all" 
"my_nghb" "vecchia_lik_betas" "MCMC_all" 
"vecchia_lik_betas" "MCMC_all" 
"vecchia_lik_betas" "MCMC_all" 
"tail.default" "tail" "my_nghb" "vecchia_lik_betas" "MCMC_all" 
"vecchia_lik_betas" "MCMC_all" 
"vecchia_lik_betas" "MCMC_all" 
"vecchia_lik_betas" "MCMC_all" 
"my_nghb" "vecchia_lik_betas" "MCMC_all" 
"my_nghb" "vecchia_lik_betas" "MCMC_all" 
"dist" "as.matrix" "unname" "vecchia_lik_betas" "MCMC_all" 
"my_nghb" "vecchia_lik_betas" "MCMC_all" 
"my_nghb" "vecchia_lik_betas" "MCMC_all" 
"vecchia_lik_betas" "MCMC_all" 
"my_nghb" "vecchia_lik_betas" "MCMC_all" 
"tail" "my_nghb" "vecchia_lik_betas" "MCMC_all" 
"match.arg" "order" "vecchia_lik_betas" "MCMC_all" 
"my_nghb" "vecchia_lik_betas" "MCMC_all" 
"my_nghb" "vecchia_lik_betas" "MCMC_all" 
"my_nghb" "vecchia_lik_betas" "MCMC_all" 
"my_nghb" "vecchia_lik_betas" "MCMC_all" 
"my_nghb" "vecchia_lik_betas" "MCMC_all" 
"my_nghb" "vecchia_lik_betas" "MCMC_all" 
"tail" "my_nghb" "vecchia_lik_betas" "MCMC_all" 
"my_nghb" "vecchia_lik_betas" "MCMC_all" 
"vecchia_lik_betas" "MCMC_all" 
"my_nghb" "vecchia_lik_betas" "MCMC_all" 
"vecchia_lik_betas" "MCMC_all" 
"tail" "my_nghb" "vecchia_lik_betas" "MCMC_all" 
"my_nghb" "vecchia_lik_betas" "MCMC_all" 
"t.default" "t" "as.matrix.dist" "as.matrix" "unname" "vecchia_lik_betas" "MCMC_all" 
"sum" "vecchia_lik_betas" "MCMC_all" 
"vecchia_lik_betas" "MCMC_all" 
"tail.default" "tail" "my_nghb" "vecchia_lik_betas" "MCMC_all" 
"tail.default" "tail" "my_nghb" "vecchia_lik_betas" "MCMC_all" 
"tail.default" "tail" "my_nghb" "vecchia_lik_betas" "MCMC_all" 
"as.matrix.dist" "as.matrix" "unname" "vecchia_lik_betas" "MCMC_all" 
"my_nghb" "vecchia_lik_betas" "MCMC_all" 
